2018-12-11 15:56:35 INFO  JavaRushTasksProjectComponent.projectOpened(68) - ---------- Project JavaRushTasks opened ----------
2018-12-11 15:56:36 INFO  JavaRushTasksProjectComponent.projectOpened(69) - ---------- Version 3.23 ----------

2018-12-11 15:56:36 INFO  JavaRushTasksProjectComponent.setAutoscrolls(343) - Autoscrolls успешно установлены
2018-12-11 15:56:37 INFO  ApacheHttpClient.createAsyncHttpClient(132) - Выбрано 1 прокси. Тип : DIRECT
2018-12-11 15:56:38 INFO  ApacheHttpClient.<init>(90) - ApacheHttpClient проинстанциирован успешно.
2018-12-11 15:56:41 INFO  ApacheHttpClient.testConnection(190) - responseCode = 200
2018-12-11 15:56:41 INFO  ApacheHttpClient.testConnection(201) - result = true
2018-12-11 15:56:42 INFO  ApacheHttpClient.login(231) - Ожидание ответа сервера.
2018-12-11 15:56:42 INFO  ApacheHttpClient.login(231) - Ожидание ответа сервера.
2018-12-11 15:56:42 INFO  ApacheHttpClient.login(231) - Ожидание ответа сервера.
2018-12-11 15:56:42 INFO  ApacheHttpClient.login(231) - Ожидание ответа сервера.
2018-12-11 15:56:42 INFO  ApacheHttpClient.login(231) - Ожидание ответа сервера.
2018-12-11 15:56:42 INFO  ApacheHttpClient.login(235) - responseCode = 200
2018-12-11 15:56:42 INFO  ApacheHttpClient.login(266) - JSESSIONID OK
2018-12-11 15:56:42 INFO  ApacheHttpClient.refreshUserInfo(294) - responseCode = 200
2018-12-11 15:56:42 INFO  ApacheHttpClient.refreshUserInfo(300) - Информация о пользователе получена.
2018-12-11 15:56:42 INFO  ApacheHttpClient.startGA(31) - GAService запущен.
2018-12-11 15:56:42 INFO  AbstractRestApiClient.startService(70) - EventsService запущен.
2018-12-11 15:58:11 INFO  ApacheHttpClient.getWebResourceAsStream(490) - responseCode = 200
2018-12-11 15:58:11 INFO  ApacheHttpClient.getTask(475) - responseCode = 200
2018-12-11 15:58:17 INFO  ApacheHttpClient.completed(27) - responseCode = 200
2018-12-11 15:58:19 INFO  ApacheHttpClient.getWebResourceAsStream(490) - responseCode = 200
2018-12-11 15:59:15 INFO  ApacheHttpClient.getWebResourceAsStream(490) - responseCode = 200
2018-12-11 15:59:15 INFO  ApacheHttpClient.completed(27) - responseCode = 400
2018-12-11 15:59:15 INFO  ApacheHttpClient.getTask(475) - responseCode = 200
2018-12-11 15:59:15 WARN  TaskCompleted.run(66) - Задача "Немедленно в печать" уже решена
2018-12-11 15:59:17 INFO  ApacheHttpClient.getWebResourceAsStream(490) - responseCode = 200
2018-12-11 15:59:43 INFO  ApacheHttpClient.sendEvent(523) - responseCode = 200
2018-12-11 16:00:43 INFO  ApacheHttpClient.sendEvent(523) - responseCode = 200
2018-12-11 16:01:44 INFO  ApacheHttpClient.sendEvent(523) - responseCode = 200
2018-12-11 16:02:43 INFO  ApacheHttpClient.sendEvent(523) - responseCode = 200
2018-12-11 16:03:44 INFO  ApacheHttpClient.sendEvent(523) - responseCode = 200
2018-12-11 16:04:45 INFO  ApacheHttpClient.sendEvent(523) - responseCode = 200
2018-12-11 16:05:46 INFO  ApacheHttpClient.sendEvent(523) - responseCode = 200
2018-12-11 16:06:43 INFO  ApacheHttpClient.sendEvent(523) - responseCode = 200
2018-12-11 16:26:13 INFO  JavaRushTasksProjectComponent.projectClosing(165) - ---------- Project JavaRushTasks closed ----------

2018-12-11 16:26:14 INFO  ApacheHttpClient.getTask(475) - responseCode = 200
2018-12-12 16:13:54 INFO  JavaRushTasksProjectComponent.projectOpened(68) - ---------- Project JavaRushTasks opened ----------
2018-12-12 16:13:54 INFO  JavaRushTasksProjectComponent.projectOpened(69) - ---------- Version 3.23 ----------

2018-12-12 16:13:54 INFO  ApacheHttpClient.createAsyncHttpClient(132) - Выбрано 1 прокси. Тип : DIRECT
2018-12-12 16:13:55 INFO  ApacheHttpClient.<init>(90) - ApacheHttpClient проинстанциирован успешно.
2018-12-12 16:13:56 INFO  ApacheHttpClient.testConnection(190) - responseCode = 200
2018-12-12 16:13:56 INFO  ApacheHttpClient.testConnection(201) - result = true
2018-12-12 16:13:58 INFO  ApacheHttpClient.login(231) - Ожидание ответа сервера.
2018-12-12 16:13:58 INFO  ApacheHttpClient.login(231) - Ожидание ответа сервера.
2018-12-12 16:13:58 INFO  ApacheHttpClient.login(235) - responseCode = 200
2018-12-12 16:13:58 INFO  ApacheHttpClient.login(266) - JSESSIONID OK
2018-12-12 16:13:58 INFO  ApacheHttpClient.refreshUserInfo(294) - responseCode = 200
2018-12-12 16:13:58 INFO  ApacheHttpClient.refreshUserInfo(300) - Информация о пользователе получена.
2018-12-12 16:13:58 INFO  ApacheHttpClient.startGA(31) - GAService запущен.
2018-12-12 16:13:58 INFO  AbstractRestApiClient.startService(70) - EventsService запущен.
2018-12-12 16:43:41 INFO  ApacheHttpClient.getWebResourceAsStream(490) - responseCode = 200
2018-12-12 16:43:42 INFO  ApacheHttpClient.getFilteredTasks(327) - responseCode = 200
2018-12-12 16:44:16 INFO  ApacheHttpClient.getWebResourceAsStream(490) - responseCode = 200
2018-12-12 16:44:16 INFO  ApacheHttpClient.getFilteredTasks(327) - responseCode = 200
2018-12-12 16:44:19 INFO  ApacheHttpClient.getTaskTemplateInfo(344) - responseCode = 200
2018-12-12 16:44:35 INFO  ApacheHttpClient.testConnection(190) - responseCode = 200
2018-12-12 16:44:35 INFO  ApacheHttpClient.testConnection(201) - result = true
2018-12-12 16:44:40 INFO  ApacheHttpClient.testConnection(190) - responseCode = 200
2018-12-12 16:44:40 INFO  ApacheHttpClient.testConnection(201) - result = true
2018-12-12 16:44:44 INFO  ApacheHttpClient.testConnection(190) - responseCode = 200
2018-12-12 16:44:44 INFO  ApacheHttpClient.testConnection(201) - result = true
2018-12-12 16:44:48 INFO  ApacheHttpClient.testConnection(190) - responseCode = 200
2018-12-12 16:44:48 INFO  ApacheHttpClient.testConnection(201) - result = true
2018-12-12 16:44:56 INFO  ApacheHttpClient.getWebResourceAsStream(490) - responseCode = 200
2018-12-12 16:44:56 INFO  ApacheHttpClient.getWebResourceAsStream(490) - responseCode = 200
2018-12-12 16:44:59 INFO  ApacheHttpClient.sendEvent(523) - responseCode = 200
2018-12-12 16:45:58 INFO  ApacheHttpClient.sendEvent(523) - responseCode = 200
2018-12-12 16:46:58 INFO  ApacheHttpClient.sendEvent(523) - responseCode = 200
2018-12-12 16:47:59 INFO  ApacheHttpClient.sendEvent(523) - responseCode = 200
2018-12-12 16:49:00 INFO  ApacheHttpClient.sendEvent(523) - responseCode = 200
2018-12-12 16:49:58 INFO  ApacheHttpClient.sendEvent(523) - responseCode = 200
2018-12-12 16:50:58 INFO  ApacheHttpClient.sendEvent(523) - responseCode = 200
2018-12-12 16:51:58 INFO  ApacheHttpClient.sendEvent(523) - responseCode = 200
2018-12-12 16:52:58 INFO  ApacheHttpClient.sendEvent(523) - responseCode = 200
2018-12-12 16:54:00 INFO  ApacheHttpClient.sendEvent(523) - responseCode = 200
2018-12-12 16:55:00 INFO  ApacheHttpClient.sendEvent(523) - responseCode = 200
2018-12-12 16:55:59 INFO  ApacheHttpClient.sendEvent(523) - responseCode = 200
2018-12-12 16:56:58 INFO  ApacheHttpClient.sendEvent(523) - responseCode = 200
2018-12-12 16:57:59 INFO  ApacheHttpClient.sendEvent(523) - responseCode = 200
2018-12-12 16:58:59 INFO  ApacheHttpClient.sendEvent(523) - responseCode = 200
2018-12-12 17:00:00 INFO  ApacheHttpClient.sendEvent(523) - responseCode = 200
2018-12-12 17:00:59 INFO  ApacheHttpClient.sendEvent(523) - responseCode = 200
2018-12-12 17:01:59 INFO  ApacheHttpClient.sendEvent(523) - responseCode = 200
2018-12-12 17:02:59 INFO  ApacheHttpClient.sendEvent(523) - responseCode = 200
2018-12-12 17:03:59 INFO  ApacheHttpClient.sendEvent(523) - responseCode = 200
2018-12-12 17:04:59 INFO  ApacheHttpClient.sendEvent(523) - responseCode = 200
2018-12-12 17:05:58 INFO  ApacheHttpClient.sendEvent(523) - responseCode = 200
2018-12-12 17:06:59 INFO  ApacheHttpClient.sendEvent(523) - responseCode = 200
2018-12-12 17:07:58 INFO  ApacheHttpClient.sendEvent(523) - responseCode = 200
2018-12-12 17:08:59 INFO  ApacheHttpClient.sendEvent(523) - responseCode = 200
2018-12-12 17:09:33 INFO  ApacheHttpClient.getWebResourceAsStream(490) - responseCode = 200
2018-12-12 17:09:33 INFO  ApacheHttpClient.getTask(475) - responseCode = 200
2018-12-12 17:09:35 INFO  ApacheHttpClient.getWebResourceAsStream(490) - responseCode = 200
2018-12-12 17:09:37 INFO  ApacheHttpClient.completed(27) - responseCode = 200
2018-12-12 17:09:38 INFO  ApacheHttpClient.getTask(475) - responseCode = 200
2018-12-12 17:09:59 INFO  ApacheHttpClient.sendEvent(523) - responseCode = 200
2018-12-12 17:10:57 INFO  ApacheHttpClient.getWebResourceAsStream(490) - responseCode = 200
2018-12-12 17:10:57 INFO  ApacheHttpClient.getFilteredTasks(327) - responseCode = 200
2018-12-12 17:11:16 INFO  ApacheHttpClient.getTaskTemplateInfo(344) - responseCode = 200
2018-12-12 17:11:20 INFO  ApacheHttpClient.testConnection(190) - responseCode = 200
2018-12-12 17:11:20 INFO  ApacheHttpClient.testConnection(201) - result = true
2018-12-12 17:11:24 INFO  ApacheHttpClient.testConnection(190) - responseCode = 200
2018-12-12 17:11:24 INFO  ApacheHttpClient.testConnection(201) - result = true
2018-12-12 17:11:24 INFO  ApacheHttpClient.getWebResourceAsStream(490) - responseCode = 200
2018-12-12 17:11:58 INFO  ApacheHttpClient.sendEvent(523) - responseCode = 200
2018-12-12 17:12:59 INFO  ApacheHttpClient.sendEvent(523) - responseCode = 200
2018-12-12 17:13:59 INFO  ApacheHttpClient.sendEvent(523) - responseCode = 200
2018-12-12 17:14:59 INFO  ApacheHttpClient.sendEvent(523) - responseCode = 200
2018-12-12 17:15:59 INFO  ApacheHttpClient.sendEvent(523) - responseCode = 200
2018-12-12 17:16:58 INFO  ApacheHttpClient.sendEvent(523) - responseCode = 200
2018-12-12 17:17:59 INFO  ApacheHttpClient.sendEvent(523) - responseCode = 200
2018-12-12 17:18:59 INFO  ApacheHttpClient.sendEvent(523) - responseCode = 200
2018-12-12 17:20:00 INFO  ApacheHttpClient.sendEvent(523) - responseCode = 200
2018-12-12 17:20:59 INFO  ApacheHttpClient.sendEvent(523) - responseCode = 200
2018-12-12 17:21:59 INFO  ApacheHttpClient.sendEvent(523) - responseCode = 200
2018-12-12 17:22:58 INFO  ApacheHttpClient.sendEvent(523) - responseCode = 200
2018-12-12 17:24:00 INFO  ApacheHttpClient.sendEvent(523) - responseCode = 200
2018-12-12 17:24:58 INFO  ApacheHttpClient.sendEvent(523) - responseCode = 200
2018-12-12 17:25:58 INFO  ApacheHttpClient.sendEvent(523) - responseCode = 200
2018-12-12 17:27:00 INFO  ApacheHttpClient.sendEvent(523) - responseCode = 200
2018-12-12 17:27:52 INFO  ApacheHttpClient.getWebResourceAsStream(490) - responseCode = 200
2018-12-12 17:27:53 INFO  ApacheHttpClient.getTask(475) - responseCode = 200
2018-12-12 17:27:53 INFO  ApacheHttpClient.completed(27) - responseCode = 200
2018-12-12 17:27:54 INFO  ApacheHttpClient.getTask(475) - responseCode = 200
2018-12-12 17:27:54 INFO  ApacheHttpClient.getWebResourceAsStream(490) - responseCode = 200
2018-12-12 17:27:59 INFO  ApacheHttpClient.sendEvent(523) - responseCode = 200
2018-12-12 17:28:18 INFO  ApacheHttpClient.getWebResourceAsStream(490) - responseCode = 200
2018-12-12 17:28:18 INFO  ApacheHttpClient.getFilteredTasks(327) - responseCode = 200
2018-12-12 17:28:44 INFO  ApacheHttpClient.getFilteredTasks(327) - responseCode = 200
2018-12-12 17:28:47 INFO  ApacheHttpClient.getFilteredTasks(327) - responseCode = 200
2018-12-12 17:28:50 INFO  ApacheHttpClient.getFilteredTasks(327) - responseCode = 200
2018-12-12 17:28:53 INFO  ApacheHttpClient.getFilteredTasks(327) - responseCode = 200
2018-12-12 17:28:55 INFO  ApacheHttpClient.getFilteredTasks(327) - responseCode = 200
2018-12-12 17:28:59 INFO  ApacheHttpClient.getFilteredTasks(327) - responseCode = 200
2018-12-12 17:29:05 INFO  ApacheHttpClient.getFilteredTasks(327) - responseCode = 200
2018-12-12 17:29:10 INFO  ApacheHttpClient.getFilteredTasks(327) - responseCode = 200
2018-12-12 17:29:13 INFO  ApacheHttpClient.getFilteredTasks(327) - responseCode = 200
2018-12-12 17:29:16 INFO  ApacheHttpClient.getFilteredTasks(327) - responseCode = 200
2018-12-12 17:29:22 INFO  ApacheHttpClient.getFilteredTasks(327) - responseCode = 200
2018-12-12 17:29:25 INFO  ApacheHttpClient.getFilteredTasks(327) - responseCode = 200
2018-12-12 17:38:12 INFO  ApacheHttpClient.getWebResourceAsStream(490) - responseCode = 200
2018-12-12 17:38:12 INFO  ApacheHttpClient.getFilteredTasks(327) - responseCode = 200
2018-12-12 17:38:29 INFO  ApacheHttpClient.getTaskTemplateInfo(344) - responseCode = 200
2018-12-12 17:38:33 INFO  ApacheHttpClient.testConnection(190) - responseCode = 200
2018-12-12 17:38:33 INFO  ApacheHttpClient.testConnection(201) - result = true
2018-12-12 17:38:36 INFO  ApacheHttpClient.testConnection(190) - responseCode = 200
2018-12-12 17:38:36 INFO  ApacheHttpClient.testConnection(201) - result = true
2018-12-12 17:38:37 INFO  ApacheHttpClient.getWebResourceAsStream(490) - responseCode = 200
2018-12-12 17:38:59 INFO  ApacheHttpClient.sendEvent(523) - responseCode = 200
2018-12-12 17:40:00 INFO  ApacheHttpClient.sendEvent(523) - responseCode = 200
2018-12-12 17:40:59 INFO  ApacheHttpClient.sendEvent(523) - responseCode = 200
2018-12-12 17:41:59 INFO  ApacheHttpClient.sendEvent(523) - responseCode = 200
2018-12-12 17:42:59 INFO  ApacheHttpClient.sendEvent(523) - responseCode = 200
2018-12-12 17:44:00 INFO  ApacheHttpClient.sendEvent(523) - responseCode = 200
2018-12-12 17:44:59 INFO  ApacheHttpClient.sendEvent(523) - responseCode = 200
2018-12-12 17:45:58 INFO  ApacheHttpClient.sendEvent(523) - responseCode = 200
2018-12-12 17:46:59 INFO  ApacheHttpClient.sendEvent(523) - responseCode = 200
2018-12-12 17:47:59 INFO  ApacheHttpClient.sendEvent(523) - responseCode = 200
2018-12-12 17:48:59 INFO  ApacheHttpClient.sendEvent(523) - responseCode = 200
2018-12-12 17:49:59 INFO  ApacheHttpClient.sendEvent(523) - responseCode = 200
2018-12-12 17:51:00 INFO  ApacheHttpClient.sendEvent(523) - responseCode = 200
2018-12-12 17:52:00 INFO  ApacheHttpClient.sendEvent(523) - responseCode = 200
2018-12-12 17:52:58 INFO  ApacheHttpClient.sendEvent(523) - responseCode = 200
2018-12-12 17:53:58 INFO  ApacheHttpClient.sendEvent(523) - responseCode = 200
2018-12-12 17:54:58 INFO  ApacheHttpClient.sendEvent(523) - responseCode = 200
2018-12-12 17:56:00 INFO  ApacheHttpClient.sendEvent(523) - responseCode = 200
2018-12-12 17:56:58 INFO  ApacheHttpClient.sendEvent(523) - responseCode = 200
2018-12-12 17:57:59 INFO  ApacheHttpClient.sendEvent(523) - responseCode = 200
2018-12-12 17:58:58 INFO  ApacheHttpClient.sendEvent(523) - responseCode = 200
2018-12-12 17:59:58 INFO  ApacheHttpClient.sendEvent(523) - responseCode = 200
2018-12-12 18:00:59 INFO  ApacheHttpClient.sendEvent(523) - responseCode = 200
2018-12-12 18:01:59 INFO  ApacheHttpClient.sendEvent(523) - responseCode = 200
2018-12-12 18:02:59 INFO  ApacheHttpClient.sendEvent(523) - responseCode = 200
2018-12-12 18:03:59 INFO  ApacheHttpClient.sendEvent(523) - responseCode = 200
2018-12-12 18:04:59 INFO  ApacheHttpClient.sendEvent(523) - responseCode = 200
2018-12-12 18:05:35 INFO  ApacheHttpClient.getWebResourceAsStream(490) - responseCode = 200
2018-12-12 18:05:36 INFO  ApacheHttpClient.getTask(475) - responseCode = 200
2018-12-12 18:05:36 INFO  ApacheHttpClient.getWebResourceAsStream(490) - responseCode = 200
2018-12-12 18:05:38 INFO  ApacheHttpClient.completed(27) - responseCode = 200
2018-12-12 18:05:38 INFO  ApacheHttpClient.getTask(475) - responseCode = 200
2018-12-12 18:06:11 INFO  ApacheHttpClient.getWebResourceAsStream(490) - responseCode = 200
2018-12-12 18:06:11 INFO  ApacheHttpClient.getFilteredTasks(327) - responseCode = 200
2018-12-12 18:06:14 INFO  ApacheHttpClient.getTaskTemplateInfo(344) - responseCode = 200
2018-12-12 18:06:18 INFO  ApacheHttpClient.testConnection(190) - responseCode = 200
2018-12-12 18:06:18 INFO  ApacheHttpClient.testConnection(201) - result = true
2018-12-12 18:06:24 INFO  ApacheHttpClient.testConnection(190) - responseCode = 200
2018-12-12 18:06:24 INFO  ApacheHttpClient.testConnection(201) - result = true
2018-12-12 18:06:25 INFO  ApacheHttpClient.getWebResourceAsStream(490) - responseCode = 200
2018-12-12 18:06:59 INFO  ApacheHttpClient.sendEvent(523) - responseCode = 200
2018-12-12 18:07:59 INFO  ApacheHttpClient.sendEvent(523) - responseCode = 200
2018-12-12 18:08:59 INFO  ApacheHttpClient.sendEvent(523) - responseCode = 200
2018-12-12 18:09:59 INFO  ApacheHttpClient.sendEvent(523) - responseCode = 200
2018-12-12 18:10:58 INFO  ApacheHttpClient.sendEvent(523) - responseCode = 200
2018-12-12 18:11:59 INFO  ApacheHttpClient.sendEvent(523) - responseCode = 200
2018-12-12 18:12:58 INFO  ApacheHttpClient.sendEvent(523) - responseCode = 200
2018-12-12 18:13:58 INFO  ApacheHttpClient.sendEvent(523) - responseCode = 200
2018-12-12 18:14:58 INFO  ApacheHttpClient.sendEvent(523) - responseCode = 200
2018-12-12 18:15:58 INFO  ApacheHttpClient.sendEvent(523) - responseCode = 200
2018-12-12 18:16:58 INFO  ApacheHttpClient.sendEvent(523) - responseCode = 200
2018-12-12 18:17:58 INFO  ApacheHttpClient.sendEvent(523) - responseCode = 200
2018-12-12 18:18:59 INFO  ApacheHttpClient.sendEvent(523) - responseCode = 200
2018-12-12 18:19:58 INFO  ApacheHttpClient.sendEvent(523) - responseCode = 200
2018-12-12 18:20:58 INFO  ApacheHttpClient.sendEvent(523) - responseCode = 200
2018-12-12 18:21:58 INFO  ApacheHttpClient.sendEvent(523) - responseCode = 200
2018-12-12 18:22:59 INFO  ApacheHttpClient.sendEvent(523) - responseCode = 200
2018-12-12 18:23:58 INFO  ApacheHttpClient.sendEvent(523) - responseCode = 200
2018-12-12 18:24:58 INFO  ApacheHttpClient.sendEvent(523) - responseCode = 200
2018-12-12 18:25:58 INFO  ApacheHttpClient.sendEvent(523) - responseCode = 200
2018-12-12 18:26:59 INFO  ApacheHttpClient.sendEvent(523) - responseCode = 200
2018-12-12 18:27:34 INFO  ApacheHttpClient.getWebResourceAsStream(490) - responseCode = 200
2018-12-12 18:27:35 INFO  ApacheHttpClient.getTask(475) - responseCode = 200
2018-12-12 18:27:35 INFO  ApacheHttpClient.getWebResourceAsStream(490) - responseCode = 200
2018-12-12 18:27:36 INFO  ApacheHttpClient.completed(27) - responseCode = 200
2018-12-12 18:27:36 INFO  ApacheHttpClient.getTask(475) - responseCode = 200
2018-12-12 18:27:52 INFO  ApacheHttpClient.getWebResourceAsStream(490) - responseCode = 200
2018-12-12 18:27:52 INFO  ApacheHttpClient.getFilteredTasks(327) - responseCode = 200
2018-12-12 18:36:12 INFO  ApacheHttpClient.getWebResourceAsStream(490) - responseCode = 200
2018-12-12 18:36:12 INFO  ApacheHttpClient.getFilteredTasks(327) - responseCode = 200
2018-12-12 18:36:14 INFO  ApacheHttpClient.getTaskTemplateInfo(344) - responseCode = 200
2018-12-12 18:36:19 INFO  ApacheHttpClient.testConnection(190) - responseCode = 200
2018-12-12 18:36:19 INFO  ApacheHttpClient.testConnection(201) - result = true
2018-12-12 18:36:25 INFO  ApacheHttpClient.testConnection(190) - responseCode = 200
2018-12-12 18:36:25 INFO  ApacheHttpClient.testConnection(201) - result = true
2018-12-12 18:36:26 INFO  ApacheHttpClient.getWebResourceAsStream(490) - responseCode = 200
2018-12-12 18:36:59 INFO  ApacheHttpClient.sendEvent(523) - responseCode = 200
2018-12-12 18:37:58 INFO  ApacheHttpClient.sendEvent(523) - responseCode = 200
2018-12-12 18:38:58 INFO  ApacheHttpClient.sendEvent(523) - responseCode = 200
2018-12-12 18:39:58 INFO  ApacheHttpClient.sendEvent(523) - responseCode = 200
2018-12-12 18:40:59 INFO  ApacheHttpClient.sendEvent(523) - responseCode = 200
2018-12-12 18:41:59 INFO  ApacheHttpClient.sendEvent(523) - responseCode = 200
2018-12-12 18:43:00 INFO  ApacheHttpClient.sendEvent(523) - responseCode = 200
2018-12-12 18:44:00 INFO  ApacheHttpClient.sendEvent(523) - responseCode = 200
2018-12-12 18:44:58 INFO  ApacheHttpClient.sendEvent(523) - responseCode = 200
2018-12-12 18:45:58 INFO  ApacheHttpClient.sendEvent(523) - responseCode = 200
2018-12-12 18:46:58 INFO  ApacheHttpClient.sendEvent(523) - responseCode = 200
2018-12-12 18:47:58 INFO  ApacheHttpClient.sendEvent(523) - responseCode = 200
2018-12-12 18:48:59 INFO  ApacheHttpClient.sendEvent(523) - responseCode = 200
2018-12-12 18:50:00 INFO  ApacheHttpClient.sendEvent(523) - responseCode = 200
2018-12-12 18:50:58 INFO  ApacheHttpClient.sendEvent(523) - responseCode = 200
2018-12-12 18:51:58 INFO  ApacheHttpClient.sendEvent(523) - responseCode = 200
2018-12-12 18:52:59 INFO  ApacheHttpClient.sendEvent(523) - responseCode = 200
2018-12-12 18:53:58 INFO  ApacheHttpClient.sendEvent(523) - responseCode = 200
2018-12-12 18:54:58 INFO  ApacheHttpClient.sendEvent(523) - responseCode = 200
2018-12-12 18:55:58 INFO  ApacheHttpClient.sendEvent(523) - responseCode = 200
2018-12-12 18:56:59 INFO  ApacheHttpClient.sendEvent(523) - responseCode = 200
2018-12-12 18:57:58 INFO  ApacheHttpClient.sendEvent(523) - responseCode = 200
2018-12-12 18:58:58 INFO  ApacheHttpClient.sendEvent(523) - responseCode = 200
2018-12-12 18:59:58 INFO  ApacheHttpClient.sendEvent(523) - responseCode = 200
2018-12-12 19:00:59 INFO  ApacheHttpClient.sendEvent(523) - responseCode = 200
2018-12-12 19:01:58 INFO  ApacheHttpClient.sendEvent(523) - responseCode = 200
2018-12-12 19:02:58 INFO  ApacheHttpClient.sendEvent(523) - responseCode = 200
2018-12-12 19:03:39 INFO  JavaRushTasksProjectComponent.projectClosing(165) - ---------- Project JavaRushTasks closed ----------

2018-12-12 19:03:40 INFO  ApacheHttpClient.getTask(475) - responseCode = 200
2018-12-12 19:03:41 INFO  ApacheHttpClient.getTask(475) - responseCode = 200
2018-12-12 19:03:41 INFO  ApacheHttpClient.getTask(475) - responseCode = 200
2018-12-12 19:03:42 INFO  ApacheHttpClient.getTask(475) - responseCode = 200
2018-12-12 19:03:44 INFO  ApacheHttpClient.getTask(475) - responseCode = 200
2018-12-12 19:03:44 INFO  ApacheHttpClient.getTask(475) - responseCode = 200
2018-12-13 08:37:49 INFO  JavaRushTasksProjectComponent.projectOpened(68) - ---------- Project JavaRushTasks opened ----------
2018-12-13 08:37:49 INFO  JavaRushTasksProjectComponent.projectOpened(69) - ---------- Version 3.23 ----------

2018-12-13 08:37:49 INFO  ApacheHttpClient.createAsyncHttpClient(132) - Выбрано 1 прокси. Тип : DIRECT
2018-12-13 08:37:49 INFO  ApacheHttpClient.<init>(90) - ApacheHttpClient проинстанциирован успешно.
2018-12-13 08:37:49 ERROR ApacheHttpClient.testConnection(198) - Ошибка проверки соединения с сервером
java.util.concurrent.ExecutionException: java.net.UnknownHostException: javarush.ru
	at org.apache.http.concurrent.BasicFuture.getResult(BasicFuture.java:70)
	at org.apache.http.concurrent.BasicFuture.get(BasicFuture.java:80)
	at com.javarush.plugin.client.ApacheHttpClient.getResponseCode(ApacheHttpClient.java:557)
	at com.javarush.plugin.client.ApacheHttpClient.testConnection(ApacheHttpClient.java:189)
	at com.javarush.plugin.client.RestApiClientFactory.<clinit>(RestApiClientFactory.java:19)
	at com.javarush.plugin.JavaRushTasksProjectComponent$1.projectOpened(JavaRushTasksProjectComponent.java:76)
	at com.intellij.openapi.project.impl.ProjectManagerImpl$1.projectOpened(ProjectManagerImpl.java:95)
	at sun.reflect.NativeMethodAccessorImpl.invoke0(Native Method)
	at sun.reflect.NativeMethodAccessorImpl.invoke(NativeMethodAccessorImpl.java:62)
	at sun.reflect.DelegatingMethodAccessorImpl.invoke(DelegatingMethodAccessorImpl.java:43)
	at java.lang.reflect.Method.invoke(Method.java:498)
	at com.intellij.util.messages.impl.MessageBusConnectionImpl.deliverMessage(MessageBusConnectionImpl.java:117)
	at com.intellij.util.messages.impl.MessageBusImpl.doPumpMessages(MessageBusImpl.java:397)
	at com.intellij.util.messages.impl.MessageBusImpl.pumpWaitingBuses(MessageBusImpl.java:358)
	at com.intellij.util.messages.impl.MessageBusImpl.pumpMessages(MessageBusImpl.java:347)
	at com.intellij.util.messages.impl.MessageBusImpl.sendMessage(MessageBusImpl.java:324)
	at com.intellij.util.messages.impl.MessageBusImpl.access$200(MessageBusImpl.java:29)
	at com.intellij.util.messages.impl.MessageBusImpl$2.invoke(MessageBusImpl.java:196)
	at com.sun.proxy.$Proxy21.projectOpened(Unknown Source)
	at com.intellij.openapi.project.impl.ProjectManagerImpl.fireProjectOpened(ProjectManagerImpl.java:784)
	at com.intellij.openapi.project.impl.ProjectManagerImpl.lambda$null$6(ProjectManagerImpl.java:399)
	at com.intellij.openapi.application.TransactionGuardImpl.lambda$submitTransactionAndWait$2(TransactionGuardImpl.java:165)
	at com.intellij.openapi.application.TransactionGuardImpl.runSyncTransaction(TransactionGuardImpl.java:88)
	at com.intellij.openapi.application.TransactionGuardImpl.lambda$submitTransaction$1(TransactionGuardImpl.java:111)
	at com.intellij.openapi.application.impl.LaterInvocator$FlushQueue.doRun(LaterInvocator.java:435)
	at com.intellij.openapi.application.impl.LaterInvocator$FlushQueue.runNextEvent(LaterInvocator.java:419)
	at com.intellij.openapi.application.impl.LaterInvocator$FlushQueue.run(LaterInvocator.java:403)
	at java.awt.event.InvocationEvent.dispatch(InvocationEvent.java:311)
	at java.awt.EventQueue.dispatchEventImpl(EventQueue.java:762)
	at java.awt.EventQueue.access$500(EventQueue.java:98)
	at java.awt.EventQueue$3.run(EventQueue.java:715)
	at java.awt.EventQueue$3.run(EventQueue.java:709)
	at java.security.AccessController.doPrivileged(Native Method)
	at java.security.ProtectionDomain$JavaSecurityAccessImpl.doIntersectionPrivilege(ProtectionDomain.java:80)
	at java.awt.EventQueue.dispatchEvent(EventQueue.java:732)
	at com.intellij.ide.IdeEventQueue.defaultDispatchEvent(IdeEventQueue.java:719)
	at com.intellij.ide.IdeEventQueue._dispatchEvent(IdeEventQueue.java:668)
	at com.intellij.ide.IdeEventQueue.dispatchEvent(IdeEventQueue.java:363)
	at com.intellij.ide.IdeEventQueue.pumpEventsForHierarchy(IdeEventQueue.java:776)
	at com.intellij.openapi.progress.util.ProgressWindow.startBlocking(ProgressWindow.java:202)
	at com.intellij.openapi.progress.util.ProgressWindow.startBlocking(ProgressWindow.java:188)
	at com.intellij.openapi.application.impl.ApplicationImpl.runProcessWithProgressSynchronously(ApplicationImpl.java:606)
	at com.intellij.openapi.progress.impl.CoreProgressManager.runProcessWithProgressSynchronously(CoreProgressManager.java:454)
	at com.intellij.openapi.progress.impl.ProgressManagerImpl.runProcessWithProgressSynchronously(ProgressManagerImpl.java:110)
	at com.intellij.openapi.progress.impl.CoreProgressManager.runProcessWithProgressSynchronously(CoreProgressManager.java:251)
	at com.intellij.openapi.progress.impl.CoreProgressManager.runProcessWithProgressSynchronously(CoreProgressManager.java:205)
	at com.intellij.openapi.project.impl.ProjectManagerImpl.loadProjectUnderProgress(ProjectManagerImpl.java:448)
	at com.intellij.openapi.project.impl.ProjectManagerImpl.openProject(ProjectManagerImpl.java:423)
	at com.intellij.platform.PlatformProjectOpenProcessor.doOpenProject(PlatformProjectOpenProcessor.java:254)
	at com.intellij.ide.RecentProjectsManagerBase.doOpenProject(RecentProjectsManagerBase.java:578)
	at com.intellij.ide.RecentProjectsManagerBase.doReopenLastProject(RecentProjectsManagerBase.java:697)
	at com.intellij.ide.RecentProjectsManagerBase$MyAppLifecycleListener.appStarting(RecentProjectsManagerBase.java:742)
	at sun.reflect.NativeMethodAccessorImpl.invoke0(Native Method)
	at sun.reflect.NativeMethodAccessorImpl.invoke(NativeMethodAccessorImpl.java:62)
	at sun.reflect.DelegatingMethodAccessorImpl.invoke(DelegatingMethodAccessorImpl.java:43)
	at java.lang.reflect.Method.invoke(Method.java:498)
	at com.intellij.util.messages.impl.MessageBusConnectionImpl.deliverMessage(MessageBusConnectionImpl.java:117)
	at com.intellij.util.messages.impl.MessageBusImpl.doPumpMessages(MessageBusImpl.java:397)
	at com.intellij.util.messages.impl.MessageBusImpl.pumpWaitingBuses(MessageBusImpl.java:358)
	at com.intellij.util.messages.impl.MessageBusImpl.pumpMessages(MessageBusImpl.java:347)
	at com.intellij.util.messages.impl.MessageBusImpl.sendMessage(MessageBusImpl.java:324)
	at com.intellij.util.messages.impl.MessageBusImpl.access$200(MessageBusImpl.java:29)
	at com.intellij.util.messages.impl.MessageBusImpl$2.invoke(MessageBusImpl.java:196)
	at com.sun.proxy.$Proxy54.appStarting(Unknown Source)
	at com.intellij.idea.IdeaApplication$IdeStarter.lambda$main$1(IdeaApplication.java:372)
	at com.intellij.openapi.application.TransactionGuardImpl.runSyncTransaction(TransactionGuardImpl.java:88)
	at com.intellij.openapi.application.TransactionGuardImpl.lambda$submitTransaction$1(TransactionGuardImpl.java:111)
	at com.intellij.openapi.application.TransactionGuardImpl.submitTransaction(TransactionGuardImpl.java:120)
	at com.intellij.openapi.application.TransactionGuard.submitTransaction(TransactionGuard.java:122)
	at com.intellij.idea.IdeaApplication$IdeStarter.main(IdeaApplication.java:370)
	at com.intellij.idea.IdeaApplication.lambda$run$1(IdeaApplication.java:211)
	at com.intellij.openapi.application.TransactionGuardImpl.performUserActivity(TransactionGuardImpl.java:195)
	at com.intellij.idea.IdeaApplication.run(IdeaApplication.java:211)
	at com.intellij.idea.IdeaApplication.lambda$initApplication$0(IdeaApplication.java:74)
	at java.awt.event.InvocationEvent.dispatch(InvocationEvent.java:311)
	at java.awt.EventQueue.dispatchEventImpl(EventQueue.java:762)
	at java.awt.EventQueue.access$500(EventQueue.java:98)
	at java.awt.EventQueue$3.run(EventQueue.java:715)
	at java.awt.EventQueue$3.run(EventQueue.java:709)
	at java.security.AccessController.doPrivileged(Native Method)
	at java.security.ProtectionDomain$JavaSecurityAccessImpl.doIntersectionPrivilege(ProtectionDomain.java:80)
	at java.awt.EventQueue.dispatchEvent(EventQueue.java:732)
	at com.intellij.ide.IdeEventQueue.dispatchEvent(IdeEventQueue.java:342)
	at java.awt.EventDispatchThread.pumpOneEventForFilters(EventDispatchThread.java:201)
	at java.awt.EventDispatchThread.pumpEventsForFilter(EventDispatchThread.java:116)
	at java.awt.EventDispatchThread.pumpEventsForHierarchy(EventDispatchThread.java:105)
	at java.awt.EventDispatchThread.pumpEvents(EventDispatchThread.java:101)
	at java.awt.EventDispatchThread.pumpEvents(EventDispatchThread.java:93)
	at java.awt.EventDispatchThread.run(EventDispatchThread.java:82)
Caused by: java.net.UnknownHostException: javarush.ru
	at java.net.Inet4AddressImpl.lookupAllHostAddr(Native Method)
	at java.net.InetAddress$2.lookupAllHostAddr(InetAddress.java:928)
	at java.net.InetAddress.getAddressesFromNameService(InetAddress.java:1323)
	at java.net.InetAddress.getAllByName0(InetAddress.java:1276)
	at java.net.InetAddress.getAllByName(InetAddress.java:1192)
	at java.net.InetAddress.getAllByName(InetAddress.java:1126)
	at org.apache.http.impl.conn.SystemDefaultDnsResolver.resolve(SystemDefaultDnsResolver.java:45)
	at org.apache.http.impl.nio.conn.PoolingNHttpClientConnectionManager$InternalAddressResolver.resolveRemoteAddress(PoolingNHttpClientConnectionManager.java:609)
	at org.apache.http.impl.nio.conn.PoolingNHttpClientConnectionManager$InternalAddressResolver.resolveRemoteAddress(PoolingNHttpClientConnectionManager.java:580)
	at org.apache.http.nio.pool.AbstractNIOConnPool.processPendingRequest(AbstractNIOConnPool.java:427)
	at org.apache.http.nio.pool.AbstractNIOConnPool.lease(AbstractNIOConnPool.java:276)
	at org.apache.http.impl.nio.conn.PoolingNHttpClientConnectionManager.requestConnection(PoolingNHttpClientConnectionManager.java:266)
	at org.apache.http.impl.nio.client.AbstractClientExchangeHandler.requestConnection(AbstractClientExchangeHandler.java:363)
	at org.apache.http.impl.nio.client.DefaultClientExchangeHandlerImpl.start(DefaultClientExchangeHandlerImpl.java:125)
	at org.apache.http.impl.nio.client.InternalHttpAsyncClient.execute(InternalHttpAsyncClient.java:141)
	at org.apache.http.impl.nio.client.CloseableHttpAsyncClient.execute(CloseableHttpAsyncClient.java:75)
	at org.apache.http.impl.nio.client.CloseableHttpAsyncClient.execute(CloseableHttpAsyncClient.java:108)
	at com.javarush.plugin.client.ApacheHttpClient.testConnection(ApacheHttpClient.java:188)
	... 85 more
2018-12-13 08:37:49 INFO  ApacheHttpClient.testConnection(201) - result = false
2018-12-13 08:37:49 ERROR HttpsURLConnectionClient.<init>(76) - Ошибка получения логина прокси из HttpConfigurable.
2018-12-13 08:37:49 ERROR HttpsURLConnectionClient.isServerUpdatesNow(741) - Ошибка во время проверки доступности сервера.
java.net.UnknownHostException: javarush.ru
	at java.net.AbstractPlainSocketImpl.connect(AbstractPlainSocketImpl.java:184)
	at java.net.PlainSocketImpl.connect(PlainSocketImpl.java:172)
	at java.net.SocksSocketImpl.connect(SocksSocketImpl.java:392)
	at java.net.Socket.connect(Socket.java:589)
	at sun.security.ssl.SSLSocketImpl.connect(SSLSocketImpl.java:673)
	at sun.security.ssl.BaseSSLSocketImpl.connect(BaseSSLSocketImpl.java:173)
	at sun.net.NetworkClient.doConnect(NetworkClient.java:180)
	at sun.net.www.http.HttpClient.openServer(HttpClient.java:432)
	at sun.net.www.http.HttpClient.openServer(HttpClient.java:527)
	at sun.net.www.protocol.https.HttpsClient.<init>(HttpsClient.java:264)
	at sun.net.www.protocol.https.HttpsClient.New(HttpsClient.java:367)
	at sun.net.www.protocol.https.AbstractDelegateHttpsURLConnection.getNewHttpClient(AbstractDelegateHttpsURLConnection.java:191)
	at sun.net.www.protocol.http.HttpURLConnection.plainConnect0(HttpURLConnection.java:1138)
	at sun.net.www.protocol.http.HttpURLConnection.plainConnect(HttpURLConnection.java:1032)
	at sun.net.www.protocol.https.AbstractDelegateHttpsURLConnection.connect(AbstractDelegateHttpsURLConnection.java:177)
	at sun.net.www.protocol.https.HttpsURLConnectionImpl.connect(HttpsURLConnectionImpl.java:153)
	at com.javarush.plugin.client.HttpsURLConnectionClient.isServerUpdatesNow(HttpsURLConnectionClient.java:730)
	at com.javarush.plugin.JavaRushTasksProjectComponent$1.projectOpened(JavaRushTasksProjectComponent.java:76)
	at com.intellij.openapi.project.impl.ProjectManagerImpl$1.projectOpened(ProjectManagerImpl.java:95)
	at sun.reflect.NativeMethodAccessorImpl.invoke0(Native Method)
	at sun.reflect.NativeMethodAccessorImpl.invoke(NativeMethodAccessorImpl.java:62)
	at sun.reflect.DelegatingMethodAccessorImpl.invoke(DelegatingMethodAccessorImpl.java:43)
	at java.lang.reflect.Method.invoke(Method.java:498)
	at com.intellij.util.messages.impl.MessageBusConnectionImpl.deliverMessage(MessageBusConnectionImpl.java:117)
	at com.intellij.util.messages.impl.MessageBusImpl.doPumpMessages(MessageBusImpl.java:397)
	at com.intellij.util.messages.impl.MessageBusImpl.pumpWaitingBuses(MessageBusImpl.java:358)
	at com.intellij.util.messages.impl.MessageBusImpl.pumpMessages(MessageBusImpl.java:347)
	at com.intellij.util.messages.impl.MessageBusImpl.sendMessage(MessageBusImpl.java:324)
	at com.intellij.util.messages.impl.MessageBusImpl.access$200(MessageBusImpl.java:29)
	at com.intellij.util.messages.impl.MessageBusImpl$2.invoke(MessageBusImpl.java:196)
	at com.sun.proxy.$Proxy21.projectOpened(Unknown Source)
	at com.intellij.openapi.project.impl.ProjectManagerImpl.fireProjectOpened(ProjectManagerImpl.java:784)
	at com.intellij.openapi.project.impl.ProjectManagerImpl.lambda$null$6(ProjectManagerImpl.java:399)
	at com.intellij.openapi.application.TransactionGuardImpl.lambda$submitTransactionAndWait$2(TransactionGuardImpl.java:165)
	at com.intellij.openapi.application.TransactionGuardImpl.runSyncTransaction(TransactionGuardImpl.java:88)
	at com.intellij.openapi.application.TransactionGuardImpl.lambda$submitTransaction$1(TransactionGuardImpl.java:111)
	at com.intellij.openapi.application.impl.LaterInvocator$FlushQueue.doRun(LaterInvocator.java:435)
	at com.intellij.openapi.application.impl.LaterInvocator$FlushQueue.runNextEvent(LaterInvocator.java:419)
	at com.intellij.openapi.application.impl.LaterInvocator$FlushQueue.run(LaterInvocator.java:403)
	at java.awt.event.InvocationEvent.dispatch(InvocationEvent.java:311)
	at java.awt.EventQueue.dispatchEventImpl(EventQueue.java:762)
	at java.awt.EventQueue.access$500(EventQueue.java:98)
	at java.awt.EventQueue$3.run(EventQueue.java:715)
	at java.awt.EventQueue$3.run(EventQueue.java:709)
	at java.security.AccessController.doPrivileged(Native Method)
	at java.security.ProtectionDomain$JavaSecurityAccessImpl.doIntersectionPrivilege(ProtectionDomain.java:80)
	at java.awt.EventQueue.dispatchEvent(EventQueue.java:732)
	at com.intellij.ide.IdeEventQueue.defaultDispatchEvent(IdeEventQueue.java:719)
	at com.intellij.ide.IdeEventQueue._dispatchEvent(IdeEventQueue.java:668)
	at com.intellij.ide.IdeEventQueue.dispatchEvent(IdeEventQueue.java:363)
	at com.intellij.ide.IdeEventQueue.pumpEventsForHierarchy(IdeEventQueue.java:776)
	at com.intellij.openapi.progress.util.ProgressWindow.startBlocking(ProgressWindow.java:202)
	at com.intellij.openapi.progress.util.ProgressWindow.startBlocking(ProgressWindow.java:188)
	at com.intellij.openapi.application.impl.ApplicationImpl.runProcessWithProgressSynchronously(ApplicationImpl.java:606)
	at com.intellij.openapi.progress.impl.CoreProgressManager.runProcessWithProgressSynchronously(CoreProgressManager.java:454)
	at com.intellij.openapi.progress.impl.ProgressManagerImpl.runProcessWithProgressSynchronously(ProgressManagerImpl.java:110)
	at com.intellij.openapi.progress.impl.CoreProgressManager.runProcessWithProgressSynchronously(CoreProgressManager.java:251)
	at com.intellij.openapi.progress.impl.CoreProgressManager.runProcessWithProgressSynchronously(CoreProgressManager.java:205)
	at com.intellij.openapi.project.impl.ProjectManagerImpl.loadProjectUnderProgress(ProjectManagerImpl.java:448)
	at com.intellij.openapi.project.impl.ProjectManagerImpl.openProject(ProjectManagerImpl.java:423)
	at com.intellij.platform.PlatformProjectOpenProcessor.doOpenProject(PlatformProjectOpenProcessor.java:254)
	at com.intellij.ide.RecentProjectsManagerBase.doOpenProject(RecentProjectsManagerBase.java:578)
	at com.intellij.ide.RecentProjectsManagerBase.doReopenLastProject(RecentProjectsManagerBase.java:697)
	at com.intellij.ide.RecentProjectsManagerBase$MyAppLifecycleListener.appStarting(RecentProjectsManagerBase.java:742)
	at sun.reflect.NativeMethodAccessorImpl.invoke0(Native Method)
	at sun.reflect.NativeMethodAccessorImpl.invoke(NativeMethodAccessorImpl.java:62)
	at sun.reflect.DelegatingMethodAccessorImpl.invoke(DelegatingMethodAccessorImpl.java:43)
	at java.lang.reflect.Method.invoke(Method.java:498)
	at com.intellij.util.messages.impl.MessageBusConnectionImpl.deliverMessage(MessageBusConnectionImpl.java:117)
	at com.intellij.util.messages.impl.MessageBusImpl.doPumpMessages(MessageBusImpl.java:397)
	at com.intellij.util.messages.impl.MessageBusImpl.pumpWaitingBuses(MessageBusImpl.java:358)
	at com.intellij.util.messages.impl.MessageBusImpl.pumpMessages(MessageBusImpl.java:347)
	at com.intellij.util.messages.impl.MessageBusImpl.sendMessage(MessageBusImpl.java:324)
	at com.intellij.util.messages.impl.MessageBusImpl.access$200(MessageBusImpl.java:29)
	at com.intellij.util.messages.impl.MessageBusImpl$2.invoke(MessageBusImpl.java:196)
	at com.sun.proxy.$Proxy54.appStarting(Unknown Source)
	at com.intellij.idea.IdeaApplication$IdeStarter.lambda$main$1(IdeaApplication.java:372)
	at com.intellij.openapi.application.TransactionGuardImpl.runSyncTransaction(TransactionGuardImpl.java:88)
	at com.intellij.openapi.application.TransactionGuardImpl.lambda$submitTransaction$1(TransactionGuardImpl.java:111)
	at com.intellij.openapi.application.TransactionGuardImpl.submitTransaction(TransactionGuardImpl.java:120)
	at com.intellij.openapi.application.TransactionGuard.submitTransaction(TransactionGuard.java:122)
	at com.intellij.idea.IdeaApplication$IdeStarter.main(IdeaApplication.java:370)
	at com.intellij.idea.IdeaApplication.lambda$run$1(IdeaApplication.java:211)
	at com.intellij.openapi.application.TransactionGuardImpl.performUserActivity(TransactionGuardImpl.java:195)
	at com.intellij.idea.IdeaApplication.run(IdeaApplication.java:211)
	at com.intellij.idea.IdeaApplication.lambda$initApplication$0(IdeaApplication.java:74)
	at java.awt.event.InvocationEvent.dispatch(InvocationEvent.java:311)
	at java.awt.EventQueue.dispatchEventImpl(EventQueue.java:762)
	at java.awt.EventQueue.access$500(EventQueue.java:98)
	at java.awt.EventQueue$3.run(EventQueue.java:715)
	at java.awt.EventQueue$3.run(EventQueue.java:709)
	at java.security.AccessController.doPrivileged(Native Method)
	at java.security.ProtectionDomain$JavaSecurityAccessImpl.doIntersectionPrivilege(ProtectionDomain.java:80)
	at java.awt.EventQueue.dispatchEvent(EventQueue.java:732)
	at com.intellij.ide.IdeEventQueue.dispatchEvent(IdeEventQueue.java:342)
	at java.awt.EventDispatchThread.pumpOneEventForFilters(EventDispatchThread.java:201)
	at java.awt.EventDispatchThread.pumpEventsForFilter(EventDispatchThread.java:116)
	at java.awt.EventDispatchThread.pumpEventsForHierarchy(EventDispatchThread.java:105)
	at java.awt.EventDispatchThread.pumpEvents(EventDispatchThread.java:101)
	at java.awt.EventDispatchThread.pumpEvents(EventDispatchThread.java:93)
	at java.awt.EventDispatchThread.run(EventDispatchThread.java:82)
2018-12-13 08:37:55 ERROR HttpsURLConnectionClient.testConnection(120) - Ошибка проверки соединения с сервером по HTTP
java.net.UnknownHostException: javarush.ru
	at java.net.AbstractPlainSocketImpl.connect(AbstractPlainSocketImpl.java:184)
	at java.net.PlainSocketImpl.connect(PlainSocketImpl.java:172)
	at java.net.SocksSocketImpl.connect(SocksSocketImpl.java:392)
	at java.net.Socket.connect(Socket.java:589)
	at java.net.Socket.connect(Socket.java:538)
	at sun.net.NetworkClient.doConnect(NetworkClient.java:180)
	at sun.net.www.http.HttpClient.openServer(HttpClient.java:432)
	at sun.net.www.http.HttpClient.openServer(HttpClient.java:527)
	at sun.net.www.http.HttpClient.<init>(HttpClient.java:211)
	at sun.net.www.http.HttpClient.New(HttpClient.java:308)
	at sun.net.www.http.HttpClient.New(HttpClient.java:326)
	at sun.net.www.protocol.http.HttpURLConnection.getNewHttpClient(HttpURLConnection.java:1202)
	at sun.net.www.protocol.http.HttpURLConnection.plainConnect0(HttpURLConnection.java:1138)
	at sun.net.www.protocol.http.HttpURLConnection.plainConnect(HttpURLConnection.java:1032)
	at sun.net.www.protocol.http.HttpURLConnection.connect(HttpURLConnection.java:966)
	at com.javarush.plugin.client.HttpsURLConnectionClient.testConnection(HttpsURLConnectionClient.java:116)
	at com.javarush.plugin.TestEditorProvider.accept(TestEditorProvider.java:45)
	at com.intellij.openapi.fileEditor.impl.FileEditorProviderManagerImpl.lambda$getProviders$0(FileEditorProviderManagerImpl.java:75)
	at com.intellij.openapi.application.impl.ApplicationImpl.runReadAction(ApplicationImpl.java:977)
	at com.intellij.openapi.application.ReadAction.compute(ReadAction.java:57)
	at com.intellij.openapi.fileEditor.impl.FileEditorProviderManagerImpl.getProviders(FileEditorProviderManagerImpl.java:71)
	at com.intellij.openapi.fileEditor.impl.FileEditorManagerImpl.openFileImpl4(FileEditorManagerImpl.java:807)
	at com.intellij.openapi.fileEditor.impl.EditorsSplitters$UIBuilder.processFiles(EditorsSplitters.java:854)
	at com.intellij.openapi.fileEditor.impl.EditorsSplitters$UIBuilder.processFiles(EditorsSplitters.java:819)
	at com.intellij.openapi.fileEditor.impl.EditorsSplitters$ConfigTreeReader.process(EditorsSplitters.java:810)
	at com.intellij.openapi.fileEditor.impl.EditorsSplitters.openFiles(EditorsSplitters.java:239)
	at com.intellij.openapi.fileEditor.impl.OpenFilesActivity.runActivity(OpenFilesActivity.java:34)
	at com.intellij.ide.startup.impl.StartupManagerImpl.runAndMeasure(StartupManagerImpl.java:164)
	at com.intellij.ide.startup.impl.StartupManagerImpl.logActivityDuration(StartupManagerImpl.java:150)
	at com.intellij.ide.startup.impl.StartupManagerImpl.lambda$runPostStartupActivitiesFromExtensions$1(StartupManagerImpl.java:138)
	at com.intellij.ide.startup.impl.StartupManagerImpl.runActivity(StartupManagerImpl.java:356)
	at com.intellij.ide.startup.impl.StartupManagerImpl.runPostStartupActivitiesFromExtensions(StartupManagerImpl.java:140)
	at com.intellij.openapi.project.impl.ProjectManagerImpl.lambda$openProject$8(ProjectManagerImpl.java:409)
	at com.intellij.openapi.progress.impl.CoreProgressManager$2.run(CoreProgressManager.java:248)
	at com.intellij.openapi.progress.impl.CoreProgressManager$TaskRunnable.run(CoreProgressManager.java:727)
	at com.intellij.openapi.progress.impl.CoreProgressManager$5.run(CoreProgressManager.java:442)
	at com.intellij.openapi.progress.impl.CoreProgressManager.lambda$runProcess$2(CoreProgressManager.java:164)
	at com.intellij.openapi.progress.impl.CoreProgressManager.registerIndicatorAndRun(CoreProgressManager.java:582)
	at com.intellij.openapi.progress.impl.CoreProgressManager.executeProcessUnderProgress(CoreProgressManager.java:532)
	at com.intellij.openapi.progress.impl.ProgressManagerImpl.executeProcessUnderProgress(ProgressManagerImpl.java:87)
	at com.intellij.openapi.progress.impl.CoreProgressManager.runProcess(CoreProgressManager.java:151)
	at com.intellij.openapi.application.impl.ApplicationImpl.lambda$null$10(ApplicationImpl.java:592)
	at com.intellij.openapi.application.impl.ApplicationImpl$1.run(ApplicationImpl.java:314)
	at java.util.concurrent.Executors$RunnableAdapter.call(Executors.java:511)
	at java.util.concurrent.FutureTask.run(FutureTask.java:266)
	at java.util.concurrent.ThreadPoolExecutor.runWorker(ThreadPoolExecutor.java:1142)
	at java.util.concurrent.ThreadPoolExecutor$Worker.run(ThreadPoolExecutor.java:617)
	at java.lang.Thread.run(Thread.java:745)
2018-12-13 08:37:55 INFO  HttpsURLConnectionClient.testConnection(127) - resultHttp = false
2018-12-13 08:37:55 ERROR HttpsURLConnectionClient.testConnection(142) - Ошибка проверки соединения с сервером по HTTPS
java.net.UnknownHostException: javarush.ru
	at java.net.AbstractPlainSocketImpl.connect(AbstractPlainSocketImpl.java:184)
	at java.net.PlainSocketImpl.connect(PlainSocketImpl.java:172)
	at java.net.SocksSocketImpl.connect(SocksSocketImpl.java:392)
	at java.net.Socket.connect(Socket.java:589)
	at sun.security.ssl.SSLSocketImpl.connect(SSLSocketImpl.java:673)
	at sun.security.ssl.BaseSSLSocketImpl.connect(BaseSSLSocketImpl.java:173)
	at sun.net.NetworkClient.doConnect(NetworkClient.java:180)
	at sun.net.www.http.HttpClient.openServer(HttpClient.java:432)
	at sun.net.www.http.HttpClient.openServer(HttpClient.java:527)
	at sun.net.www.protocol.https.HttpsClient.<init>(HttpsClient.java:264)
	at sun.net.www.protocol.https.HttpsClient.New(HttpsClient.java:367)
	at sun.net.www.protocol.https.AbstractDelegateHttpsURLConnection.getNewHttpClient(AbstractDelegateHttpsURLConnection.java:191)
	at sun.net.www.protocol.http.HttpURLConnection.plainConnect0(HttpURLConnection.java:1138)
	at sun.net.www.protocol.http.HttpURLConnection.plainConnect(HttpURLConnection.java:1032)
	at sun.net.www.protocol.https.AbstractDelegateHttpsURLConnection.connect(AbstractDelegateHttpsURLConnection.java:177)
	at sun.net.www.protocol.https.HttpsURLConnectionImpl.connect(HttpsURLConnectionImpl.java:153)
	at com.javarush.plugin.client.HttpsURLConnectionClient.testConnection(HttpsURLConnectionClient.java:135)
	at com.javarush.plugin.TestEditorProvider.accept(TestEditorProvider.java:45)
	at com.intellij.openapi.fileEditor.impl.FileEditorProviderManagerImpl.lambda$getProviders$0(FileEditorProviderManagerImpl.java:75)
	at com.intellij.openapi.application.impl.ApplicationImpl.runReadAction(ApplicationImpl.java:977)
	at com.intellij.openapi.application.ReadAction.compute(ReadAction.java:57)
	at com.intellij.openapi.fileEditor.impl.FileEditorProviderManagerImpl.getProviders(FileEditorProviderManagerImpl.java:71)
	at com.intellij.openapi.fileEditor.impl.FileEditorManagerImpl.openFileImpl4(FileEditorManagerImpl.java:807)
	at com.intellij.openapi.fileEditor.impl.EditorsSplitters$UIBuilder.processFiles(EditorsSplitters.java:854)
	at com.intellij.openapi.fileEditor.impl.EditorsSplitters$UIBuilder.processFiles(EditorsSplitters.java:819)
	at com.intellij.openapi.fileEditor.impl.EditorsSplitters$ConfigTreeReader.process(EditorsSplitters.java:810)
	at com.intellij.openapi.fileEditor.impl.EditorsSplitters.openFiles(EditorsSplitters.java:239)
	at com.intellij.openapi.fileEditor.impl.OpenFilesActivity.runActivity(OpenFilesActivity.java:34)
	at com.intellij.ide.startup.impl.StartupManagerImpl.runAndMeasure(StartupManagerImpl.java:164)
	at com.intellij.ide.startup.impl.StartupManagerImpl.logActivityDuration(StartupManagerImpl.java:150)
	at com.intellij.ide.startup.impl.StartupManagerImpl.lambda$runPostStartupActivitiesFromExtensions$1(StartupManagerImpl.java:138)
	at com.intellij.ide.startup.impl.StartupManagerImpl.runActivity(StartupManagerImpl.java:356)
	at com.intellij.ide.startup.impl.StartupManagerImpl.runPostStartupActivitiesFromExtensions(StartupManagerImpl.java:140)
	at com.intellij.openapi.project.impl.ProjectManagerImpl.lambda$openProject$8(ProjectManagerImpl.java:409)
	at com.intellij.openapi.progress.impl.CoreProgressManager$2.run(CoreProgressManager.java:248)
	at com.intellij.openapi.progress.impl.CoreProgressManager$TaskRunnable.run(CoreProgressManager.java:727)
	at com.intellij.openapi.progress.impl.CoreProgressManager$5.run(CoreProgressManager.java:442)
	at com.intellij.openapi.progress.impl.CoreProgressManager.lambda$runProcess$2(CoreProgressManager.java:164)
	at com.intellij.openapi.progress.impl.CoreProgressManager.registerIndicatorAndRun(CoreProgressManager.java:582)
	at com.intellij.openapi.progress.impl.CoreProgressManager.executeProcessUnderProgress(CoreProgressManager.java:532)
	at com.intellij.openapi.progress.impl.ProgressManagerImpl.executeProcessUnderProgress(ProgressManagerImpl.java:87)
	at com.intellij.openapi.progress.impl.CoreProgressManager.runProcess(CoreProgressManager.java:151)
	at com.intellij.openapi.application.impl.ApplicationImpl.lambda$null$10(ApplicationImpl.java:592)
	at com.intellij.openapi.application.impl.ApplicationImpl$1.run(ApplicationImpl.java:314)
	at java.util.concurrent.Executors$RunnableAdapter.call(Executors.java:511)
	at java.util.concurrent.FutureTask.run(FutureTask.java:266)
	at java.util.concurrent.ThreadPoolExecutor.runWorker(ThreadPoolExecutor.java:1142)
	at java.util.concurrent.ThreadPoolExecutor$Worker.run(ThreadPoolExecutor.java:617)
	at java.lang.Thread.run(Thread.java:745)
2018-12-13 08:37:55 INFO  HttpsURLConnectionClient.testConnection(149) - resultHttps = false
2018-12-13 08:38:03 ERROR HttpsURLConnectionClient.testConnection(120) - Ошибка проверки соединения с сервером по HTTP
java.net.UnknownHostException: javarush.ru
	at java.net.AbstractPlainSocketImpl.connect(AbstractPlainSocketImpl.java:184)
	at java.net.PlainSocketImpl.connect(PlainSocketImpl.java:172)
	at java.net.SocksSocketImpl.connect(SocksSocketImpl.java:392)
	at java.net.Socket.connect(Socket.java:589)
	at java.net.Socket.connect(Socket.java:538)
	at sun.net.NetworkClient.doConnect(NetworkClient.java:180)
	at sun.net.www.http.HttpClient.openServer(HttpClient.java:432)
	at sun.net.www.http.HttpClient.openServer(HttpClient.java:527)
	at sun.net.www.http.HttpClient.<init>(HttpClient.java:211)
	at sun.net.www.http.HttpClient.New(HttpClient.java:308)
	at sun.net.www.http.HttpClient.New(HttpClient.java:326)
	at sun.net.www.protocol.http.HttpURLConnection.getNewHttpClient(HttpURLConnection.java:1202)
	at sun.net.www.protocol.http.HttpURLConnection.plainConnect0(HttpURLConnection.java:1138)
	at sun.net.www.protocol.http.HttpURLConnection.plainConnect(HttpURLConnection.java:1032)
	at sun.net.www.protocol.http.HttpURLConnection.connect(HttpURLConnection.java:966)
	at com.javarush.plugin.client.HttpsURLConnectionClient.testConnection(HttpsURLConnectionClient.java:116)
	at com.javarush.plugin.TestEditorProvider.accept(TestEditorProvider.java:45)
	at com.intellij.openapi.fileEditor.impl.FileEditorProviderManagerImpl.lambda$getProviders$0(FileEditorProviderManagerImpl.java:75)
	at com.intellij.openapi.application.impl.ApplicationImpl.runReadAction(ApplicationImpl.java:973)
	at com.intellij.openapi.application.ReadAction.compute(ReadAction.java:57)
	at com.intellij.openapi.fileEditor.impl.FileEditorProviderManagerImpl.getProviders(FileEditorProviderManagerImpl.java:71)
	at com.intellij.openapi.fileEditor.impl.FileEditorManagerImpl.dumbModeFinished(FileEditorManagerImpl.java:188)
	at com.intellij.openapi.fileEditor.impl.FileEditorManagerImpl.access$300(FileEditorManagerImpl.java:99)
	at com.intellij.openapi.fileEditor.impl.FileEditorManagerImpl$2.lambda$exitDumbMode$0(FileEditorManagerImpl.java:157)
	at com.intellij.openapi.application.TransactionGuardImpl$2.run(TransactionGuardImpl.java:315)
	at com.intellij.openapi.application.impl.LaterInvocator$FlushQueue.doRun(LaterInvocator.java:435)
	at com.intellij.openapi.application.impl.LaterInvocator$FlushQueue.runNextEvent(LaterInvocator.java:419)
	at com.intellij.openapi.application.impl.LaterInvocator$FlushQueue.run(LaterInvocator.java:403)
	at java.awt.event.InvocationEvent.dispatch(InvocationEvent.java:311)
	at java.awt.EventQueue.dispatchEventImpl(EventQueue.java:762)
	at java.awt.EventQueue.access$500(EventQueue.java:98)
	at java.awt.EventQueue$3.run(EventQueue.java:715)
	at java.awt.EventQueue$3.run(EventQueue.java:709)
	at java.security.AccessController.doPrivileged(Native Method)
	at java.security.ProtectionDomain$JavaSecurityAccessImpl.doIntersectionPrivilege(ProtectionDomain.java:80)
	at java.awt.EventQueue.dispatchEvent(EventQueue.java:732)
	at com.intellij.ide.IdeEventQueue.defaultDispatchEvent(IdeEventQueue.java:719)
	at com.intellij.ide.IdeEventQueue._dispatchEvent(IdeEventQueue.java:668)
	at com.intellij.ide.IdeEventQueue.dispatchEvent(IdeEventQueue.java:363)
	at java.awt.EventDispatchThread.pumpOneEventForFilters(EventDispatchThread.java:201)
	at java.awt.EventDispatchThread.pumpEventsForFilter(EventDispatchThread.java:116)
	at java.awt.EventDispatchThread.pumpEventsForHierarchy(EventDispatchThread.java:105)
	at java.awt.EventDispatchThread.pumpEvents(EventDispatchThread.java:101)
	at java.awt.EventDispatchThread.pumpEvents(EventDispatchThread.java:93)
	at java.awt.EventDispatchThread.run(EventDispatchThread.java:82)
2018-12-13 08:38:03 INFO  HttpsURLConnectionClient.testConnection(127) - resultHttp = false
2018-12-13 08:38:03 ERROR HttpsURLConnectionClient.testConnection(142) - Ошибка проверки соединения с сервером по HTTPS
java.net.UnknownHostException: javarush.ru
	at java.net.AbstractPlainSocketImpl.connect(AbstractPlainSocketImpl.java:184)
	at java.net.PlainSocketImpl.connect(PlainSocketImpl.java:172)
	at java.net.SocksSocketImpl.connect(SocksSocketImpl.java:392)
	at java.net.Socket.connect(Socket.java:589)
	at sun.security.ssl.SSLSocketImpl.connect(SSLSocketImpl.java:673)
	at sun.security.ssl.BaseSSLSocketImpl.connect(BaseSSLSocketImpl.java:173)
	at sun.net.NetworkClient.doConnect(NetworkClient.java:180)
	at sun.net.www.http.HttpClient.openServer(HttpClient.java:432)
	at sun.net.www.http.HttpClient.openServer(HttpClient.java:527)
	at sun.net.www.protocol.https.HttpsClient.<init>(HttpsClient.java:264)
	at sun.net.www.protocol.https.HttpsClient.New(HttpsClient.java:367)
	at sun.net.www.protocol.https.AbstractDelegateHttpsURLConnection.getNewHttpClient(AbstractDelegateHttpsURLConnection.java:191)
	at sun.net.www.protocol.http.HttpURLConnection.plainConnect0(HttpURLConnection.java:1138)
	at sun.net.www.protocol.http.HttpURLConnection.plainConnect(HttpURLConnection.java:1032)
	at sun.net.www.protocol.https.AbstractDelegateHttpsURLConnection.connect(AbstractDelegateHttpsURLConnection.java:177)
	at sun.net.www.protocol.https.HttpsURLConnectionImpl.connect(HttpsURLConnectionImpl.java:153)
	at com.javarush.plugin.client.HttpsURLConnectionClient.testConnection(HttpsURLConnectionClient.java:135)
	at com.javarush.plugin.TestEditorProvider.accept(TestEditorProvider.java:45)
	at com.intellij.openapi.fileEditor.impl.FileEditorProviderManagerImpl.lambda$getProviders$0(FileEditorProviderManagerImpl.java:75)
	at com.intellij.openapi.application.impl.ApplicationImpl.runReadAction(ApplicationImpl.java:973)
	at com.intellij.openapi.application.ReadAction.compute(ReadAction.java:57)
	at com.intellij.openapi.fileEditor.impl.FileEditorProviderManagerImpl.getProviders(FileEditorProviderManagerImpl.java:71)
	at com.intellij.openapi.fileEditor.impl.FileEditorManagerImpl.dumbModeFinished(FileEditorManagerImpl.java:188)
	at com.intellij.openapi.fileEditor.impl.FileEditorManagerImpl.access$300(FileEditorManagerImpl.java:99)
	at com.intellij.openapi.fileEditor.impl.FileEditorManagerImpl$2.lambda$exitDumbMode$0(FileEditorManagerImpl.java:157)
	at com.intellij.openapi.application.TransactionGuardImpl$2.run(TransactionGuardImpl.java:315)
	at com.intellij.openapi.application.impl.LaterInvocator$FlushQueue.doRun(LaterInvocator.java:435)
	at com.intellij.openapi.application.impl.LaterInvocator$FlushQueue.runNextEvent(LaterInvocator.java:419)
	at com.intellij.openapi.application.impl.LaterInvocator$FlushQueue.run(LaterInvocator.java:403)
	at java.awt.event.InvocationEvent.dispatch(InvocationEvent.java:311)
	at java.awt.EventQueue.dispatchEventImpl(EventQueue.java:762)
	at java.awt.EventQueue.access$500(EventQueue.java:98)
	at java.awt.EventQueue$3.run(EventQueue.java:715)
	at java.awt.EventQueue$3.run(EventQueue.java:709)
	at java.security.AccessController.doPrivileged(Native Method)
	at java.security.ProtectionDomain$JavaSecurityAccessImpl.doIntersectionPrivilege(ProtectionDomain.java:80)
	at java.awt.EventQueue.dispatchEvent(EventQueue.java:732)
	at com.intellij.ide.IdeEventQueue.defaultDispatchEvent(IdeEventQueue.java:719)
	at com.intellij.ide.IdeEventQueue._dispatchEvent(IdeEventQueue.java:668)
	at com.intellij.ide.IdeEventQueue.dispatchEvent(IdeEventQueue.java:363)
	at java.awt.EventDispatchThread.pumpOneEventForFilters(EventDispatchThread.java:201)
	at java.awt.EventDispatchThread.pumpEventsForFilter(EventDispatchThread.java:116)
	at java.awt.EventDispatchThread.pumpEventsForHierarchy(EventDispatchThread.java:105)
	at java.awt.EventDispatchThread.pumpEvents(EventDispatchThread.java:101)
	at java.awt.EventDispatchThread.pumpEvents(EventDispatchThread.java:93)
	at java.awt.EventDispatchThread.run(EventDispatchThread.java:82)
2018-12-13 08:38:03 INFO  HttpsURLConnectionClient.testConnection(149) - resultHttps = false
2018-12-13 08:38:04 ERROR HttpsURLConnectionClient.testConnection(120) - Ошибка проверки соединения с сервером по HTTP
java.net.UnknownHostException: javarush.ru
	at java.net.AbstractPlainSocketImpl.connect(AbstractPlainSocketImpl.java:184)
	at java.net.PlainSocketImpl.connect(PlainSocketImpl.java:172)
	at java.net.SocksSocketImpl.connect(SocksSocketImpl.java:392)
	at java.net.Socket.connect(Socket.java:589)
	at java.net.Socket.connect(Socket.java:538)
	at sun.net.NetworkClient.doConnect(NetworkClient.java:180)
	at sun.net.www.http.HttpClient.openServer(HttpClient.java:432)
	at sun.net.www.http.HttpClient.openServer(HttpClient.java:527)
	at sun.net.www.http.HttpClient.<init>(HttpClient.java:211)
	at sun.net.www.http.HttpClient.New(HttpClient.java:308)
	at sun.net.www.http.HttpClient.New(HttpClient.java:326)
	at sun.net.www.protocol.http.HttpURLConnection.getNewHttpClient(HttpURLConnection.java:1202)
	at sun.net.www.protocol.http.HttpURLConnection.plainConnect0(HttpURLConnection.java:1138)
	at sun.net.www.protocol.http.HttpURLConnection.plainConnect(HttpURLConnection.java:1032)
	at sun.net.www.protocol.http.HttpURLConnection.connect(HttpURLConnection.java:966)
	at com.javarush.plugin.client.HttpsURLConnectionClient.testConnection(HttpsURLConnectionClient.java:116)
	at com.javarush.plugin.TestEditorProvider.accept(TestEditorProvider.java:45)
	at com.intellij.openapi.fileEditor.impl.FileEditorProviderManagerImpl.lambda$getProviders$0(FileEditorProviderManagerImpl.java:75)
	at com.intellij.openapi.application.impl.ApplicationImpl.runReadAction(ApplicationImpl.java:973)
	at com.intellij.openapi.application.ReadAction.compute(ReadAction.java:57)
	at com.intellij.openapi.fileEditor.impl.FileEditorProviderManagerImpl.getProviders(FileEditorProviderManagerImpl.java:71)
	at com.intellij.openapi.fileEditor.impl.FileEditorManagerImpl.dumbModeFinished(FileEditorManagerImpl.java:188)
	at com.intellij.openapi.fileEditor.impl.FileEditorManagerImpl.access$300(FileEditorManagerImpl.java:99)
	at com.intellij.openapi.fileEditor.impl.FileEditorManagerImpl$2.lambda$exitDumbMode$0(FileEditorManagerImpl.java:157)
	at com.intellij.openapi.application.TransactionGuardImpl$2.run(TransactionGuardImpl.java:315)
	at com.intellij.openapi.application.impl.LaterInvocator$FlushQueue.doRun(LaterInvocator.java:435)
	at com.intellij.openapi.application.impl.LaterInvocator$FlushQueue.runNextEvent(LaterInvocator.java:419)
	at com.intellij.openapi.application.impl.LaterInvocator$FlushQueue.run(LaterInvocator.java:403)
	at java.awt.event.InvocationEvent.dispatch(InvocationEvent.java:311)
	at java.awt.EventQueue.dispatchEventImpl(EventQueue.java:762)
	at java.awt.EventQueue.access$500(EventQueue.java:98)
	at java.awt.EventQueue$3.run(EventQueue.java:715)
	at java.awt.EventQueue$3.run(EventQueue.java:709)
	at java.security.AccessController.doPrivileged(Native Method)
	at java.security.ProtectionDomain$JavaSecurityAccessImpl.doIntersectionPrivilege(ProtectionDomain.java:80)
	at java.awt.EventQueue.dispatchEvent(EventQueue.java:732)
	at com.intellij.ide.IdeEventQueue.defaultDispatchEvent(IdeEventQueue.java:719)
	at com.intellij.ide.IdeEventQueue._dispatchEvent(IdeEventQueue.java:668)
	at com.intellij.ide.IdeEventQueue.dispatchEvent(IdeEventQueue.java:363)
	at java.awt.EventDispatchThread.pumpOneEventForFilters(EventDispatchThread.java:201)
	at java.awt.EventDispatchThread.pumpEventsForFilter(EventDispatchThread.java:116)
	at java.awt.EventDispatchThread.pumpEventsForHierarchy(EventDispatchThread.java:105)
	at java.awt.EventDispatchThread.pumpEvents(EventDispatchThread.java:101)
	at java.awt.EventDispatchThread.pumpEvents(EventDispatchThread.java:93)
	at java.awt.EventDispatchThread.run(EventDispatchThread.java:82)
2018-12-13 08:38:04 INFO  HttpsURLConnectionClient.testConnection(127) - resultHttp = false
2018-12-13 08:38:04 ERROR HttpsURLConnectionClient.testConnection(142) - Ошибка проверки соединения с сервером по HTTPS
java.net.UnknownHostException: javarush.ru
	at java.net.AbstractPlainSocketImpl.connect(AbstractPlainSocketImpl.java:184)
	at java.net.PlainSocketImpl.connect(PlainSocketImpl.java:172)
	at java.net.SocksSocketImpl.connect(SocksSocketImpl.java:392)
	at java.net.Socket.connect(Socket.java:589)
	at sun.security.ssl.SSLSocketImpl.connect(SSLSocketImpl.java:673)
	at sun.security.ssl.BaseSSLSocketImpl.connect(BaseSSLSocketImpl.java:173)
	at sun.net.NetworkClient.doConnect(NetworkClient.java:180)
	at sun.net.www.http.HttpClient.openServer(HttpClient.java:432)
	at sun.net.www.http.HttpClient.openServer(HttpClient.java:527)
	at sun.net.www.protocol.https.HttpsClient.<init>(HttpsClient.java:264)
	at sun.net.www.protocol.https.HttpsClient.New(HttpsClient.java:367)
	at sun.net.www.protocol.https.AbstractDelegateHttpsURLConnection.getNewHttpClient(AbstractDelegateHttpsURLConnection.java:191)
	at sun.net.www.protocol.http.HttpURLConnection.plainConnect0(HttpURLConnection.java:1138)
	at sun.net.www.protocol.http.HttpURLConnection.plainConnect(HttpURLConnection.java:1032)
	at sun.net.www.protocol.https.AbstractDelegateHttpsURLConnection.connect(AbstractDelegateHttpsURLConnection.java:177)
	at sun.net.www.protocol.https.HttpsURLConnectionImpl.connect(HttpsURLConnectionImpl.java:153)
	at com.javarush.plugin.client.HttpsURLConnectionClient.testConnection(HttpsURLConnectionClient.java:135)
	at com.javarush.plugin.TestEditorProvider.accept(TestEditorProvider.java:45)
	at com.intellij.openapi.fileEditor.impl.FileEditorProviderManagerImpl.lambda$getProviders$0(FileEditorProviderManagerImpl.java:75)
	at com.intellij.openapi.application.impl.ApplicationImpl.runReadAction(ApplicationImpl.java:973)
	at com.intellij.openapi.application.ReadAction.compute(ReadAction.java:57)
	at com.intellij.openapi.fileEditor.impl.FileEditorProviderManagerImpl.getProviders(FileEditorProviderManagerImpl.java:71)
	at com.intellij.openapi.fileEditor.impl.FileEditorManagerImpl.dumbModeFinished(FileEditorManagerImpl.java:188)
	at com.intellij.openapi.fileEditor.impl.FileEditorManagerImpl.access$300(FileEditorManagerImpl.java:99)
	at com.intellij.openapi.fileEditor.impl.FileEditorManagerImpl$2.lambda$exitDumbMode$0(FileEditorManagerImpl.java:157)
	at com.intellij.openapi.application.TransactionGuardImpl$2.run(TransactionGuardImpl.java:315)
	at com.intellij.openapi.application.impl.LaterInvocator$FlushQueue.doRun(LaterInvocator.java:435)
	at com.intellij.openapi.application.impl.LaterInvocator$FlushQueue.runNextEvent(LaterInvocator.java:419)
	at com.intellij.openapi.application.impl.LaterInvocator$FlushQueue.run(LaterInvocator.java:403)
	at java.awt.event.InvocationEvent.dispatch(InvocationEvent.java:311)
	at java.awt.EventQueue.dispatchEventImpl(EventQueue.java:762)
	at java.awt.EventQueue.access$500(EventQueue.java:98)
	at java.awt.EventQueue$3.run(EventQueue.java:715)
	at java.awt.EventQueue$3.run(EventQueue.java:709)
	at java.security.AccessController.doPrivileged(Native Method)
	at java.security.ProtectionDomain$JavaSecurityAccessImpl.doIntersectionPrivilege(ProtectionDomain.java:80)
	at java.awt.EventQueue.dispatchEvent(EventQueue.java:732)
	at com.intellij.ide.IdeEventQueue.defaultDispatchEvent(IdeEventQueue.java:719)
	at com.intellij.ide.IdeEventQueue._dispatchEvent(IdeEventQueue.java:668)
	at com.intellij.ide.IdeEventQueue.dispatchEvent(IdeEventQueue.java:363)
	at java.awt.EventDispatchThread.pumpOneEventForFilters(EventDispatchThread.java:201)
	at java.awt.EventDispatchThread.pumpEventsForFilter(EventDispatchThread.java:116)
	at java.awt.EventDispatchThread.pumpEventsForHierarchy(EventDispatchThread.java:105)
	at java.awt.EventDispatchThread.pumpEvents(EventDispatchThread.java:101)
	at java.awt.EventDispatchThread.pumpEvents(EventDispatchThread.java:93)
	at java.awt.EventDispatchThread.run(EventDispatchThread.java:82)
2018-12-13 08:38:04 INFO  HttpsURLConnectionClient.testConnection(149) - resultHttps = false
2018-12-13 08:38:04 ERROR HttpsURLConnectionClient.testConnection(120) - Ошибка проверки соединения с сервером по HTTP
java.net.UnknownHostException: javarush.ru
	at java.net.AbstractPlainSocketImpl.connect(AbstractPlainSocketImpl.java:184)
	at java.net.PlainSocketImpl.connect(PlainSocketImpl.java:172)
	at java.net.SocksSocketImpl.connect(SocksSocketImpl.java:392)
	at java.net.Socket.connect(Socket.java:589)
	at java.net.Socket.connect(Socket.java:538)
	at sun.net.NetworkClient.doConnect(NetworkClient.java:180)
	at sun.net.www.http.HttpClient.openServer(HttpClient.java:432)
	at sun.net.www.http.HttpClient.openServer(HttpClient.java:527)
	at sun.net.www.http.HttpClient.<init>(HttpClient.java:211)
	at sun.net.www.http.HttpClient.New(HttpClient.java:308)
	at sun.net.www.http.HttpClient.New(HttpClient.java:326)
	at sun.net.www.protocol.http.HttpURLConnection.getNewHttpClient(HttpURLConnection.java:1202)
	at sun.net.www.protocol.http.HttpURLConnection.plainConnect0(HttpURLConnection.java:1138)
	at sun.net.www.protocol.http.HttpURLConnection.plainConnect(HttpURLConnection.java:1032)
	at sun.net.www.protocol.http.HttpURLConnection.connect(HttpURLConnection.java:966)
	at com.javarush.plugin.client.HttpsURLConnectionClient.testConnection(HttpsURLConnectionClient.java:116)
	at com.javarush.plugin.TestEditorProvider.accept(TestEditorProvider.java:45)
	at com.intellij.openapi.fileEditor.impl.FileEditorProviderManagerImpl.lambda$getProviders$0(FileEditorProviderManagerImpl.java:75)
	at com.intellij.openapi.application.impl.ApplicationImpl.runReadAction(ApplicationImpl.java:973)
	at com.intellij.openapi.application.ReadAction.compute(ReadAction.java:57)
	at com.intellij.openapi.fileEditor.impl.FileEditorProviderManagerImpl.getProviders(FileEditorProviderManagerImpl.java:71)
	at com.intellij.openapi.fileEditor.impl.FileEditorManagerImpl.dumbModeFinished(FileEditorManagerImpl.java:188)
	at com.intellij.openapi.fileEditor.impl.FileEditorManagerImpl.access$300(FileEditorManagerImpl.java:99)
	at com.intellij.openapi.fileEditor.impl.FileEditorManagerImpl$2.lambda$exitDumbMode$0(FileEditorManagerImpl.java:157)
	at com.intellij.openapi.application.TransactionGuardImpl$2.run(TransactionGuardImpl.java:315)
	at com.intellij.openapi.application.impl.LaterInvocator$FlushQueue.doRun(LaterInvocator.java:435)
	at com.intellij.openapi.application.impl.LaterInvocator$FlushQueue.runNextEvent(LaterInvocator.java:419)
	at com.intellij.openapi.application.impl.LaterInvocator$FlushQueue.run(LaterInvocator.java:403)
	at java.awt.event.InvocationEvent.dispatch(InvocationEvent.java:311)
	at java.awt.EventQueue.dispatchEventImpl(EventQueue.java:762)
	at java.awt.EventQueue.access$500(EventQueue.java:98)
	at java.awt.EventQueue$3.run(EventQueue.java:715)
	at java.awt.EventQueue$3.run(EventQueue.java:709)
	at java.security.AccessController.doPrivileged(Native Method)
	at java.security.ProtectionDomain$JavaSecurityAccessImpl.doIntersectionPrivilege(ProtectionDomain.java:80)
	at java.awt.EventQueue.dispatchEvent(EventQueue.java:732)
	at com.intellij.ide.IdeEventQueue.defaultDispatchEvent(IdeEventQueue.java:719)
	at com.intellij.ide.IdeEventQueue._dispatchEvent(IdeEventQueue.java:668)
	at com.intellij.ide.IdeEventQueue.dispatchEvent(IdeEventQueue.java:363)
	at java.awt.EventDispatchThread.pumpOneEventForFilters(EventDispatchThread.java:201)
	at java.awt.EventDispatchThread.pumpEventsForFilter(EventDispatchThread.java:116)
	at java.awt.EventDispatchThread.pumpEventsForHierarchy(EventDispatchThread.java:105)
	at java.awt.EventDispatchThread.pumpEvents(EventDispatchThread.java:101)
	at java.awt.EventDispatchThread.pumpEvents(EventDispatchThread.java:93)
	at java.awt.EventDispatchThread.run(EventDispatchThread.java:82)
2018-12-13 08:38:04 INFO  HttpsURLConnectionClient.testConnection(127) - resultHttp = false
2018-12-13 08:38:04 ERROR HttpsURLConnectionClient.testConnection(142) - Ошибка проверки соединения с сервером по HTTPS
java.net.UnknownHostException: javarush.ru
	at java.net.AbstractPlainSocketImpl.connect(AbstractPlainSocketImpl.java:184)
	at java.net.PlainSocketImpl.connect(PlainSocketImpl.java:172)
	at java.net.SocksSocketImpl.connect(SocksSocketImpl.java:392)
	at java.net.Socket.connect(Socket.java:589)
	at sun.security.ssl.SSLSocketImpl.connect(SSLSocketImpl.java:673)
	at sun.security.ssl.BaseSSLSocketImpl.connect(BaseSSLSocketImpl.java:173)
	at sun.net.NetworkClient.doConnect(NetworkClient.java:180)
	at sun.net.www.http.HttpClient.openServer(HttpClient.java:432)
	at sun.net.www.http.HttpClient.openServer(HttpClient.java:527)
	at sun.net.www.protocol.https.HttpsClient.<init>(HttpsClient.java:264)
	at sun.net.www.protocol.https.HttpsClient.New(HttpsClient.java:367)
	at sun.net.www.protocol.https.AbstractDelegateHttpsURLConnection.getNewHttpClient(AbstractDelegateHttpsURLConnection.java:191)
	at sun.net.www.protocol.http.HttpURLConnection.plainConnect0(HttpURLConnection.java:1138)
	at sun.net.www.protocol.http.HttpURLConnection.plainConnect(HttpURLConnection.java:1032)
	at sun.net.www.protocol.https.AbstractDelegateHttpsURLConnection.connect(AbstractDelegateHttpsURLConnection.java:177)
	at sun.net.www.protocol.https.HttpsURLConnectionImpl.connect(HttpsURLConnectionImpl.java:153)
	at com.javarush.plugin.client.HttpsURLConnectionClient.testConnection(HttpsURLConnectionClient.java:135)
	at com.javarush.plugin.TestEditorProvider.accept(TestEditorProvider.java:45)
	at com.intellij.openapi.fileEditor.impl.FileEditorProviderManagerImpl.lambda$getProviders$0(FileEditorProviderManagerImpl.java:75)
	at com.intellij.openapi.application.impl.ApplicationImpl.runReadAction(ApplicationImpl.java:973)
	at com.intellij.openapi.application.ReadAction.compute(ReadAction.java:57)
	at com.intellij.openapi.fileEditor.impl.FileEditorProviderManagerImpl.getProviders(FileEditorProviderManagerImpl.java:71)
	at com.intellij.openapi.fileEditor.impl.FileEditorManagerImpl.dumbModeFinished(FileEditorManagerImpl.java:188)
	at com.intellij.openapi.fileEditor.impl.FileEditorManagerImpl.access$300(FileEditorManagerImpl.java:99)
	at com.intellij.openapi.fileEditor.impl.FileEditorManagerImpl$2.lambda$exitDumbMode$0(FileEditorManagerImpl.java:157)
	at com.intellij.openapi.application.TransactionGuardImpl$2.run(TransactionGuardImpl.java:315)
	at com.intellij.openapi.application.impl.LaterInvocator$FlushQueue.doRun(LaterInvocator.java:435)
	at com.intellij.openapi.application.impl.LaterInvocator$FlushQueue.runNextEvent(LaterInvocator.java:419)
	at com.intellij.openapi.application.impl.LaterInvocator$FlushQueue.run(LaterInvocator.java:403)
	at java.awt.event.InvocationEvent.dispatch(InvocationEvent.java:311)
	at java.awt.EventQueue.dispatchEventImpl(EventQueue.java:762)
	at java.awt.EventQueue.access$500(EventQueue.java:98)
	at java.awt.EventQueue$3.run(EventQueue.java:715)
	at java.awt.EventQueue$3.run(EventQueue.java:709)
	at java.security.AccessController.doPrivileged(Native Method)
	at java.security.ProtectionDomain$JavaSecurityAccessImpl.doIntersectionPrivilege(ProtectionDomain.java:80)
	at java.awt.EventQueue.dispatchEvent(EventQueue.java:732)
	at com.intellij.ide.IdeEventQueue.defaultDispatchEvent(IdeEventQueue.java:719)
	at com.intellij.ide.IdeEventQueue._dispatchEvent(IdeEventQueue.java:668)
	at com.intellij.ide.IdeEventQueue.dispatchEvent(IdeEventQueue.java:363)
	at java.awt.EventDispatchThread.pumpOneEventForFilters(EventDispatchThread.java:201)
	at java.awt.EventDispatchThread.pumpEventsForFilter(EventDispatchThread.java:116)
	at java.awt.EventDispatchThread.pumpEventsForHierarchy(EventDispatchThread.java:105)
	at java.awt.EventDispatchThread.pumpEvents(EventDispatchThread.java:101)
	at java.awt.EventDispatchThread.pumpEvents(EventDispatchThread.java:93)
	at java.awt.EventDispatchThread.run(EventDispatchThread.java:82)
2018-12-13 08:38:04 INFO  HttpsURLConnectionClient.testConnection(149) - resultHttps = false
2018-12-14 09:50:45 INFO  JavaRushTasksProjectComponent.projectClosing(165) - ---------- Project JavaRushTasks closed ----------

2018-12-17 10:18:26 INFO  JavaRushTasksProjectComponent.projectOpened(68) - ---------- Project JavaRushTasks opened ----------
2018-12-17 10:18:26 INFO  JavaRushTasksProjectComponent.projectOpened(69) - ---------- Version 3.23 ----------

2018-12-17 10:18:26 INFO  ApacheHttpClient.createAsyncHttpClient(132) - Выбрано 1 прокси. Тип : DIRECT
2018-12-17 10:18:26 INFO  ApacheHttpClient.<init>(90) - ApacheHttpClient проинстанциирован успешно.
2018-12-17 10:18:42 INFO  ApacheHttpClient.testConnection(190) - responseCode = 200
2018-12-17 10:18:42 INFO  ApacheHttpClient.testConnection(201) - result = true
2018-12-17 10:18:57 INFO  ApacheHttpClient.login(231) - Ожидание ответа сервера.
2018-12-17 10:18:57 INFO  ApacheHttpClient.login(231) - Ожидание ответа сервера.
2018-12-17 10:18:57 INFO  ApacheHttpClient.login(231) - Ожидание ответа сервера.
2018-12-17 10:18:57 INFO  ApacheHttpClient.login(231) - Ожидание ответа сервера.
2018-12-17 10:18:57 INFO  ApacheHttpClient.login(231) - Ожидание ответа сервера.
2018-12-17 10:18:57 INFO  ApacheHttpClient.login(231) - Ожидание ответа сервера.
2018-12-17 10:18:57 INFO  ApacheHttpClient.login(231) - Ожидание ответа сервера.
2018-12-17 10:18:57 INFO  ApacheHttpClient.login(231) - Ожидание ответа сервера.
2018-12-17 10:18:57 INFO  ApacheHttpClient.login(231) - Ожидание ответа сервера.
2018-12-17 10:18:58 INFO  ApacheHttpClient.login(231) - Ожидание ответа сервера.
2018-12-17 10:18:58 INFO  ApacheHttpClient.login(231) - Ожидание ответа сервера.
2018-12-17 10:18:58 INFO  ApacheHttpClient.login(231) - Ожидание ответа сервера.
2018-12-17 10:18:58 INFO  ApacheHttpClient.login(231) - Ожидание ответа сервера.
2018-12-17 10:18:58 INFO  ApacheHttpClient.login(231) - Ожидание ответа сервера.
2018-12-17 10:18:58 INFO  ApacheHttpClient.login(231) - Ожидание ответа сервера.
2018-12-17 10:18:58 INFO  ApacheHttpClient.login(231) - Ожидание ответа сервера.
2018-12-17 10:18:58 INFO  ApacheHttpClient.login(231) - Ожидание ответа сервера.
2018-12-17 10:18:58 INFO  ApacheHttpClient.login(231) - Ожидание ответа сервера.
2018-12-17 10:18:58 INFO  ApacheHttpClient.login(231) - Ожидание ответа сервера.
2018-12-17 10:18:59 INFO  ApacheHttpClient.login(231) - Ожидание ответа сервера.
2018-12-17 10:18:59 INFO  ApacheHttpClient.login(231) - Ожидание ответа сервера.
2018-12-17 10:18:59 INFO  ApacheHttpClient.login(231) - Ожидание ответа сервера.
2018-12-17 10:18:59 INFO  ApacheHttpClient.login(231) - Ожидание ответа сервера.
2018-12-17 10:18:59 INFO  ApacheHttpClient.login(231) - Ожидание ответа сервера.
2018-12-17 10:18:59 INFO  ApacheHttpClient.login(231) - Ожидание ответа сервера.
2018-12-17 10:18:59 INFO  ApacheHttpClient.login(235) - responseCode = 200
2018-12-17 10:18:59 INFO  ApacheHttpClient.login(266) - JSESSIONID OK
2018-12-17 10:19:01 INFO  ApacheHttpClient.refreshUserInfo(294) - responseCode = 200
2018-12-17 10:19:01 INFO  ApacheHttpClient.refreshUserInfo(300) - Информация о пользователе получена.
2018-12-17 10:19:01 INFO  ApacheHttpClient.startGA(31) - GAService запущен.
2018-12-17 10:19:01 INFO  AbstractRestApiClient.startService(70) - EventsService запущен.
2018-12-17 10:19:29 INFO  ApacheHttpClient.testConnection(190) - responseCode = 200
2018-12-17 10:19:29 INFO  ApacheHttpClient.testConnection(201) - result = true
2018-12-17 10:19:37 INFO  ApacheHttpClient.testConnection(190) - responseCode = 200
2018-12-17 10:19:37 INFO  ApacheHttpClient.testConnection(201) - result = true
2018-12-17 10:19:49 INFO  ApacheHttpClient.getWebResourceAsStream(490) - responseCode = 200
2018-12-17 10:20:05 INFO  ApacheHttpClient.sendEvent(523) - responseCode = 200
2018-12-17 10:20:07 INFO  ApacheHttpClient.testConnection(190) - responseCode = 200
2018-12-17 10:20:07 INFO  ApacheHttpClient.testConnection(201) - result = true
2018-12-17 10:20:12 INFO  ApacheHttpClient.testConnection(190) - responseCode = 200
2018-12-17 10:20:12 INFO  ApacheHttpClient.testConnection(201) - result = true
2018-12-17 10:21:03 INFO  ApacheHttpClient.sendEvent(523) - responseCode = 200
2018-12-17 10:21:57 INFO  ApacheHttpClient.sendEvent(523) - responseCode = 200
2018-12-17 10:22:58 INFO  ApacheHttpClient.sendEvent(523) - responseCode = 200
2018-12-17 10:23:59 INFO  ApacheHttpClient.sendEvent(523) - responseCode = 200
2018-12-17 10:24:58 INFO  ApacheHttpClient.sendEvent(523) - responseCode = 200
2018-12-17 10:25:48 INFO  ApacheHttpClient.getWebResourceAsStream(490) - responseCode = 200
2018-12-17 10:25:51 INFO  ApacheHttpClient.getTask(475) - responseCode = 200
2018-12-17 10:25:51 INFO  ApacheHttpClient.completed(27) - responseCode = 200
2018-12-17 10:25:53 INFO  ApacheHttpClient.getTask(475) - responseCode = 200
2018-12-17 10:25:57 INFO  ApacheHttpClient.sendEvent(523) - responseCode = 200
2018-12-17 10:26:00 INFO  ApacheHttpClient.getWebResourceAsStream(490) - responseCode = 200
2018-12-17 10:26:58 INFO  ApacheHttpClient.sendEvent(523) - responseCode = 200
2018-12-17 10:27:27 INFO  ApacheHttpClient.getWebResourceAsStream(490) - responseCode = 200
2018-12-17 10:27:28 INFO  ApacheHttpClient.getFilteredTasks(327) - responseCode = 200
2018-12-17 10:27:34 INFO  ApacheHttpClient.getTaskTemplateInfo(344) - responseCode = 200
2018-12-17 10:27:40 INFO  ApacheHttpClient.testConnection(190) - responseCode = 200
2018-12-17 10:27:40 INFO  ApacheHttpClient.testConnection(201) - result = true
2018-12-17 10:27:45 INFO  ApacheHttpClient.testConnection(190) - responseCode = 200
2018-12-17 10:27:45 INFO  ApacheHttpClient.testConnection(201) - result = true
2018-12-17 10:27:46 INFO  ApacheHttpClient.getWebResourceAsStream(490) - responseCode = 200
2018-12-17 10:27:58 INFO  ApacheHttpClient.sendEvent(523) - responseCode = 200
2018-12-17 10:28:57 INFO  ApacheHttpClient.sendEvent(523) - responseCode = 200
2018-12-17 10:29:58 INFO  ApacheHttpClient.sendEvent(523) - responseCode = 200
2018-12-17 10:30:57 INFO  ApacheHttpClient.sendEvent(523) - responseCode = 200
2018-12-17 10:31:58 INFO  ApacheHttpClient.sendEvent(523) - responseCode = 200
2018-12-17 10:32:58 INFO  ApacheHttpClient.sendEvent(523) - responseCode = 200
2018-12-17 10:33:57 INFO  ApacheHttpClient.sendEvent(523) - responseCode = 200
2018-12-17 10:34:58 INFO  ApacheHttpClient.sendEvent(523) - responseCode = 200
2018-12-17 10:35:58 INFO  ApacheHttpClient.sendEvent(523) - responseCode = 200
2018-12-17 10:36:57 INFO  ApacheHttpClient.sendEvent(523) - responseCode = 200
2018-12-17 10:37:49 INFO  ApacheHttpClient.getWebResourceAsStream(490) - responseCode = 200
2018-12-17 10:37:50 INFO  ApacheHttpClient.completed(27) - responseCode = 200
2018-12-17 10:37:50 INFO  ApacheHttpClient.getTask(475) - responseCode = 200
2018-12-17 10:37:56 INFO  ApacheHttpClient.getWebResourceAsStream(490) - responseCode = 200
2018-12-17 10:37:57 INFO  ApacheHttpClient.sendEvent(523) - responseCode = 200
2018-12-17 10:38:57 INFO  ApacheHttpClient.sendEvent(523) - responseCode = 200
2018-12-17 10:40:00 INFO  ApacheHttpClient.sendEvent(523) - responseCode = 200
2018-12-17 10:40:01 INFO  ApacheHttpClient.getWebResourceAsStream(490) - responseCode = 200
2018-12-17 10:40:04 INFO  ApacheHttpClient.completed(27) - responseCode = 200
2018-12-17 10:40:04 INFO  ApacheHttpClient.getTask(475) - responseCode = 200
2018-12-17 10:40:05 INFO  ApacheHttpClient.getWebResourceAsStream(490) - responseCode = 200
2018-12-17 10:40:57 INFO  ApacheHttpClient.sendEvent(523) - responseCode = 200
2018-12-17 10:41:58 INFO  ApacheHttpClient.sendEvent(523) - responseCode = 200
2018-12-17 10:42:58 INFO  ApacheHttpClient.sendEvent(523) - responseCode = 200
2018-12-17 10:43:57 INFO  ApacheHttpClient.sendEvent(523) - responseCode = 200
2018-12-17 10:44:42 INFO  ApacheHttpClient.getWebResourceAsStream(490) - responseCode = 200
2018-12-17 10:44:46 INFO  ApacheHttpClient.getTask(475) - responseCode = 200
2018-12-17 10:44:46 INFO  ApacheHttpClient.getWebResourceAsStream(490) - responseCode = 200
2018-12-17 10:44:47 INFO  ApacheHttpClient.completed(27) - responseCode = 200
2018-12-17 10:44:57 INFO  ApacheHttpClient.sendEvent(523) - responseCode = 200
2018-12-17 10:45:57 INFO  ApacheHttpClient.sendEvent(523) - responseCode = 200
2018-12-17 10:46:12 INFO  ApacheHttpClient.getWebResourceAsStream(490) - responseCode = 200
2018-12-17 10:46:16 INFO  ApacheHttpClient.getTask(475) - responseCode = 200
2018-12-17 10:46:16 INFO  ApacheHttpClient.getWebResourceAsStream(490) - responseCode = 200
2018-12-17 10:46:17 INFO  ApacheHttpClient.completed(27) - responseCode = 200
2018-12-17 10:46:58 INFO  ApacheHttpClient.sendEvent(523) - responseCode = 200
2018-12-17 10:47:58 INFO  ApacheHttpClient.sendEvent(523) - responseCode = 200
2018-12-17 10:48:58 INFO  ApacheHttpClient.sendEvent(523) - responseCode = 200
2018-12-17 10:50:01 INFO  ApacheHttpClient.sendEvent(523) - responseCode = 200
2018-12-17 10:50:17 INFO  ApacheHttpClient.getWebResourceAsStream(490) - responseCode = 200
2018-12-17 10:50:19 INFO  ApacheHttpClient.completed(27) - responseCode = 200
2018-12-17 10:50:21 INFO  ApacheHttpClient.getTask(475) - responseCode = 200
2018-12-17 10:50:22 INFO  ApacheHttpClient.getWebResourceAsStream(490) - responseCode = 200
2018-12-17 10:51:00 INFO  ApacheHttpClient.sendEvent(523) - responseCode = 200
2018-12-17 10:51:57 INFO  ApacheHttpClient.sendEvent(523) - responseCode = 200
2018-12-17 10:52:09 INFO  ApacheHttpClient.getWebResourceAsStream(490) - responseCode = 200
2018-12-17 10:52:12 INFO  ApacheHttpClient.getWebResourceAsStream(490) - responseCode = 200
2018-12-17 10:52:13 INFO  ApacheHttpClient.getTask(475) - responseCode = 200
2018-12-17 10:52:14 INFO  ApacheHttpClient.completed(27) - responseCode = 200
2018-12-17 10:52:17 INFO  ApacheHttpClient.getTask(475) - responseCode = 200
2018-12-17 10:52:46 INFO  ApacheHttpClient.getWebResourceAsStream(490) - responseCode = 200
2018-12-17 10:52:47 INFO  ApacheHttpClient.getFilteredTasks(327) - responseCode = 200
2018-12-17 11:46:14 INFO  ApacheHttpClient.getWebResourceAsStream(490) - responseCode = 200
2018-12-17 11:46:14 INFO  ApacheHttpClient.getFilteredTasks(327) - responseCode = 200
2018-12-17 11:46:18 INFO  ApacheHttpClient.getTaskTemplateInfo(344) - responseCode = 200
2018-12-17 11:46:22 INFO  ApacheHttpClient.testConnection(190) - responseCode = 200
2018-12-17 11:46:22 INFO  ApacheHttpClient.testConnection(201) - result = true
2018-12-17 11:46:26 INFO  ApacheHttpClient.testConnection(190) - responseCode = 200
2018-12-17 11:46:26 INFO  ApacheHttpClient.testConnection(201) - result = true
2018-12-17 11:46:26 INFO  ApacheHttpClient.getWebResourceAsStream(490) - responseCode = 200
2018-12-17 11:46:57 INFO  ApacheHttpClient.sendEvent(523) - responseCode = 200
2018-12-17 11:47:58 INFO  ApacheHttpClient.sendEvent(523) - responseCode = 200
2018-12-17 11:48:57 INFO  ApacheHttpClient.sendEvent(523) - responseCode = 200
2018-12-17 11:49:58 INFO  ApacheHttpClient.sendEvent(523) - responseCode = 200
2018-12-17 11:50:59 INFO  ApacheHttpClient.sendEvent(523) - responseCode = 200
2018-12-17 11:51:58 INFO  ApacheHttpClient.sendEvent(523) - responseCode = 200
2018-12-17 11:52:57 INFO  ApacheHttpClient.sendEvent(523) - responseCode = 200
2018-12-17 11:53:59 INFO  ApacheHttpClient.sendEvent(523) - responseCode = 200
2018-12-17 11:54:44 INFO  ApacheHttpClient.getWebResourceAsStream(490) - responseCode = 200
2018-12-17 11:54:45 INFO  ApacheHttpClient.getTask(475) - responseCode = 200
2018-12-17 11:54:45 INFO  ApacheHttpClient.getWebResourceAsStream(490) - responseCode = 200
2018-12-17 11:54:49 INFO  ApacheHttpClient.completed(27) - responseCode = 200
2018-12-17 11:54:49 INFO  ApacheHttpClient.getTask(475) - responseCode = 200
2018-12-17 11:54:59 INFO  ApacheHttpClient.sendEvent(523) - responseCode = 200
2018-12-17 11:55:23 INFO  ApacheHttpClient.getWebResourceAsStream(490) - responseCode = 200
2018-12-17 11:55:23 INFO  ApacheHttpClient.getFilteredTasks(327) - responseCode = 200
2018-12-17 11:55:29 INFO  ApacheHttpClient.getTaskTemplateInfo(344) - responseCode = 200
2018-12-17 11:55:33 INFO  ApacheHttpClient.testConnection(190) - responseCode = 200
2018-12-17 11:55:33 INFO  ApacheHttpClient.testConnection(201) - result = true
2018-12-17 11:55:37 INFO  ApacheHttpClient.testConnection(190) - responseCode = 200
2018-12-17 11:55:37 INFO  ApacheHttpClient.testConnection(201) - result = true
2018-12-17 11:55:37 INFO  ApacheHttpClient.getWebResourceAsStream(490) - responseCode = 200
2018-12-17 11:56:00 INFO  ApacheHttpClient.sendEvent(523) - responseCode = 200
2018-12-17 11:56:00 INFO  ApacheHttpClient.sendEvent(523) - responseCode = 200
2018-12-17 11:56:58 INFO  ApacheHttpClient.sendEvent(523) - responseCode = 200
2018-12-17 11:58:00 INFO  ApacheHttpClient.sendEvent(523) - responseCode = 200
2018-12-17 11:58:59 INFO  ApacheHttpClient.sendEvent(523) - responseCode = 200
2018-12-17 11:59:57 INFO  ApacheHttpClient.sendEvent(523) - responseCode = 200
2018-12-17 12:00:59 INFO  ApacheHttpClient.sendEvent(523) - responseCode = 200
2018-12-17 12:01:58 INFO  ApacheHttpClient.sendEvent(523) - responseCode = 200
2018-12-17 12:03:00 INFO  ApacheHttpClient.sendEvent(523) - responseCode = 200
2018-12-17 12:03:57 INFO  ApacheHttpClient.sendEvent(523) - responseCode = 200
2018-12-17 12:04:58 INFO  ApacheHttpClient.sendEvent(523) - responseCode = 200
2018-12-17 12:05:59 INFO  ApacheHttpClient.sendEvent(523) - responseCode = 200
2018-12-17 12:06:57 INFO  ApacheHttpClient.sendEvent(523) - responseCode = 200
2018-12-17 12:07:57 INFO  ApacheHttpClient.sendEvent(523) - responseCode = 200
2018-12-17 12:08:06 INFO  ApacheHttpClient.getWebResourceAsStream(490) - responseCode = 200
2018-12-17 12:08:06 INFO  ApacheHttpClient.getTask(475) - responseCode = 200
2018-12-17 12:08:07 INFO  ApacheHttpClient.getWebResourceAsStream(490) - responseCode = 200
2018-12-17 12:08:11 INFO  ApacheHttpClient.completed(27) - responseCode = 200
2018-12-17 12:08:11 INFO  ApacheHttpClient.getTask(475) - responseCode = 200
2018-12-17 12:08:25 INFO  ApacheHttpClient.getWebResourceAsStream(490) - responseCode = 200
2018-12-17 12:08:25 INFO  ApacheHttpClient.getFilteredTasks(327) - responseCode = 200
2018-12-17 12:08:31 INFO  ApacheHttpClient.getTaskTemplateInfo(344) - responseCode = 200
2018-12-17 12:08:34 INFO  ApacheHttpClient.testConnection(190) - responseCode = 200
2018-12-17 12:08:34 INFO  ApacheHttpClient.testConnection(201) - result = true
2018-12-17 12:08:37 INFO  ApacheHttpClient.testConnection(190) - responseCode = 200
2018-12-17 12:08:37 INFO  ApacheHttpClient.testConnection(201) - result = true
2018-12-17 12:08:37 INFO  ApacheHttpClient.getWebResourceAsStream(490) - responseCode = 200
2018-12-17 12:08:59 INFO  ApacheHttpClient.sendEvent(523) - responseCode = 200
2018-12-17 12:09:58 INFO  ApacheHttpClient.sendEvent(523) - responseCode = 200
2018-12-17 12:10:58 INFO  ApacheHttpClient.sendEvent(523) - responseCode = 200
2018-12-17 12:11:31 INFO  ApacheHttpClient.getWebResourceAsStream(490) - responseCode = 200
2018-12-17 12:11:32 INFO  ApacheHttpClient.getTask(475) - responseCode = 200
2018-12-17 12:11:33 INFO  ApacheHttpClient.getWebResourceAsStream(490) - responseCode = 200
2018-12-17 12:11:35 INFO  ApacheHttpClient.completed(27) - responseCode = 200
2018-12-17 12:11:35 INFO  ApacheHttpClient.getTask(475) - responseCode = 200
2018-12-17 12:11:52 INFO  ApacheHttpClient.getWebResourceAsStream(490) - responseCode = 200
2018-12-17 12:11:52 INFO  ApacheHttpClient.getFilteredTasks(327) - responseCode = 200
2018-12-17 12:12:58 ERROR ApacheHttpClient.processExceptionSendEvent(102) - (super) Ошибка во время отправки ивента на сервер.
2018-12-17 12:12:59 INFO  ApacheHttpClient.sendEvent(523) - responseCode = 200
2018-12-17 12:13:21 INFO  ApacheHttpClient.getWebResourceAsStream(490) - responseCode = 200
2018-12-17 12:13:21 INFO  ApacheHttpClient.getFilteredTasks(327) - responseCode = 200
2018-12-17 14:31:50 INFO  ApacheHttpClient.getWebResourceAsStream(490) - responseCode = 200
2018-12-17 14:31:51 INFO  ApacheHttpClient.getFilteredTasks(327) - responseCode = 200
2018-12-17 15:38:58 INFO  ApacheHttpClient.sendEvent(523) - responseCode = 200
2018-12-17 15:39:58 INFO  ApacheHttpClient.sendEvent(523) - responseCode = 200
2018-12-17 15:40:58 INFO  ApacheHttpClient.sendEvent(523) - responseCode = 200
2018-12-17 15:41:58 INFO  ApacheHttpClient.sendEvent(523) - responseCode = 200
2018-12-17 15:42:57 INFO  ApacheHttpClient.sendEvent(523) - responseCode = 200
2018-12-17 15:43:57 INFO  ApacheHttpClient.sendEvent(523) - responseCode = 200
2018-12-17 15:44:57 INFO  ApacheHttpClient.sendEvent(523) - responseCode = 200
2018-12-17 15:45:57 INFO  ApacheHttpClient.sendEvent(523) - responseCode = 200
2018-12-17 15:46:58 INFO  ApacheHttpClient.sendEvent(523) - responseCode = 200
2018-12-17 16:34:18 INFO  ApacheHttpClient.getWebResourceAsStream(490) - responseCode = 200
2018-12-17 16:34:19 INFO  ApacheHttpClient.getFilteredTasks(327) - responseCode = 200
2018-12-17 16:34:24 INFO  ApacheHttpClient.getTaskTemplateInfo(344) - responseCode = 200
2018-12-17 16:34:31 INFO  ApacheHttpClient.testConnection(190) - responseCode = 200
2018-12-17 16:34:31 INFO  ApacheHttpClient.testConnection(201) - result = true
2018-12-17 16:34:35 INFO  ApacheHttpClient.testConnection(190) - responseCode = 200
2018-12-17 16:34:35 INFO  ApacheHttpClient.testConnection(201) - result = true
2018-12-17 16:34:40 INFO  ApacheHttpClient.getWebResourceAsStream(490) - responseCode = 200
2018-12-17 16:34:57 INFO  ApacheHttpClient.sendEvent(523) - responseCode = 200
2018-12-17 16:35:58 INFO  ApacheHttpClient.sendEvent(523) - responseCode = 200
2018-12-17 16:36:58 INFO  ApacheHttpClient.sendEvent(523) - responseCode = 200
